========================================
REQ_ID = fab93a90-e597-470e-b1d2-e54c98b24dcb

DOCUMENTS RETREIVED


--- Document 1 ---
ID: f986e72d648ade613ac2984bdb938308
Title: Mid Corporate FAQ - ADCB Debit Cards
Score: 0.75341576
Text: This document provides frequently asked questions (FAQs) about ADCB Debit Cards, covering topics such as Chip and PIN technology, contactless payments, card types, activation, usage, fees, and rewards.

The ADCB Chip and PIN Debit Card enhances security by replacing the signature with a Personal Identification Number (PIN) for payment authorization. Your existing ATM PIN will also be used for in-store purchases, and you can continue to use it at ATMs as usual. This new card replaces your existin...

--- Document 2 ---
ID: 4c7e6b85d257d1cbcc0a88ed1c680f06
Title: Card Control
Score: 0.7391195
Text: With Card Control, you can perform the following actions without needing to contact the bank: Set daily and monthly spending limits, block all transactions, block online transactions, block in-store transactions, block foreign transactions, and block ATM cash withdrawals.

--- Document 3 ---
ID: 28b42ab68eca74272c81bfbea1419961
Title: Card Control
Score: 0.7313236
Text: To use this feature, log in to the ADCB Mobile Banking App, select your credit card, and tap on Card Control Settings to choose the service you need.

--- Document 4 ---
ID: 2ccd434cb5a76c46127a070b76b2e54d
Title: ADCB Consumer Education: Equality through Financial Inclusion
Score: 0.71996796
Text: ACTIVATEYOUR CARD
How to activate your card on the ADCB Mobile Banking Application.

--- Document 5 ---
ID: 7179cc2a1c52ebd1d8fd79f7a44929f1
Title: Card Control
Score: 0.7169973
Text: CARD CONTROL – A new feature on the ADCB Mobile Banking App that lets you manage your credit card usage directly from your phone.

With Card Control you can set daily or monthly spend limits, block all transactions, block online, in‑store, foreign, or ATM cash withdrawals, and perform these actions without calling the Contact Centre or visiting a branch.

To use the feature, log in to the ADCB Mobile Banking App, select your credit card, tap on Card Control Settings, and choose the service you w...

========================================

========================================
REQ_ID = ee4d2502-f0cb-413d-84de-314ed82b0748

DOCUMENTS RETREIVED


--- Document 1 ---
ID: 2bfcb74a9b1c69a7aebce87003b5b971
Title: ADCB Consumer Education: Equality through Financial Inclusion
Score: 0.8418094
Text: CARDBLOCKING
How to permanently block your card on the ADCB Mobile Banking Application.

--- Document 2 ---
ID: 121386da4ef0dbadb7ef1e8d33bca294
Title: ADCB Cards: Discover exclusive features and benefits
Score: 0.8339895
Text: DEBIT CARD CONTROL
Experience the convenience of secure banking with enhanced freedom. The Debit Card Control feature will enable you to effortlessly manage transaction preferences and daily transaction limits in the ADCB Mobile Banking App without having to call the contact centre or visit a branch.

--- Document 3 ---
ID: 586b041d567c23767ee7bfcec6c2cedf
Title: ADCB Islamic Card Control UAE
Score: 0.83383566
Text: Card Control

Enjoy complete control of your Credit Card with the new and unique Card Control feature on your ADCB Mobile Banking App. The newly added feature will put you in charge of how, where and when your credit card could be used – all at your fingertips.

Benefits: • Set daily spend limits • Set monthly spend limits • Block all transactions • Block online transactions • Block in-store transactions • Block foreign transactions • Block ATM cash withdrawals

How it works: 1. Log in to the AD...

--- Document 4 ---
ID: 1c832078ac5bd0fcbc0574965fc3d00f
Title: ADCB Credit Shield Insurance - Secure Your Card Payments
Score: 0.8260012
Text: OTHER WAYS TO APPLY:

- CONTACT CENTRE: Call the 24-hour contact centre on 600 50 2030.
- APPLY THROUGH SMS: SMS 'SHIELD' to 2626 from your registered mobile number.
- VISIT US: Visit any ADCB branch.

--- Document 5 ---
ID: baf13ccf176b7a6ae29316392561cf68
Title: ADCB | A leading banking institution in the UAE
Score: 0.82164377
Text: AT YOUR SERVICE: UBank - ADCB'S DIGITAL BANKING CENTRE TRULY TRANSFORMS THE WAY YOU BANK. Replace your ADCB debit or credit card and print cheques on the spot.

========================================

========================================
REQ_ID = 5e86fc13-500e-404a-8460-ba95bfb17f71

DOCUMENTS RETREIVED


--- Document 1 ---
ID: f986e72d648ade613ac2984bdb938308
Title: Mid Corporate FAQ - ADCB Debit Cards
Score: 0.7455517
Text: This document provides frequently asked questions (FAQs) about ADCB Debit Cards, covering topics such as Chip and PIN technology, contactless payments, card types, activation, usage, fees, and rewards.

The ADCB Chip and PIN Debit Card enhances security by replacing the signature with a Personal Identification Number (PIN) for payment authorization. Your existing ATM PIN will also be used for in-store purchases, and you can continue to use it at ATMs as usual. This new card replaces your existin...

--- Document 2 ---
ID: 2bfcb74a9b1c69a7aebce87003b5b971
Title: ADCB Consumer Education: Equality through Financial Inclusion
Score: 0.7419913
Text: CARDBLOCKING
How to permanently block your card on the ADCB Mobile Banking Application.

--- Document 3 ---
ID: 121386da4ef0dbadb7ef1e8d33bca294
Title: ADCB Cards: Discover exclusive features and benefits
Score: 0.72029155
Text: DEBIT CARD CONTROL
Experience the convenience of secure banking with enhanced freedom. The Debit Card Control feature will enable you to effortlessly manage transaction preferences and daily transaction limits in the ADCB Mobile Banking App without having to call the contact centre or visit a branch.

--- Document 4 ---
ID: 0312ca01046735585a06429fe3cce5c8
Title: Practical Financial Strategies for Everyday Life
Score: 0.71735436
Text: CARD TRANSACTION DISPUTES
How to dispute a transaction on your debit or credit card.

--- Document 5 ---
ID: 36910f77ce4b50e3bad3570a1c085781
Title: Cardless Cash Withdrawal | ADCB
Score: 0.7150438
Text: HOW TO INITIATE A CARDLESS CASH WITHDRAWAL REQUEST ON THE ADCB MOBILE BANKING APP
Step 1: Log in to the ADCB Mobile Banking App and navigate to the 'Transfers' section
Step 2: Select the 'Cardless Cash Withdrawal' tab and tap on 'Initiate a Withdrawal'
Step 3: Fill in the recipient's details and select the account for the withdrawal
Step 4: Enter the cash withdrawal amount
Step 5: Congratulations! Your request is now active and valid for 24 hours

========================================

========================================
REQ_ID = ee8ac6c0-5f8e-43ea-889b-b26b90c51e63

DOCUMENTS RETREIVED


--- Document 1 ---
ID: a88ecd0acb6f403bd2d2f49171c90a10
Title: Shukran ADCB Credit Card – Massive Shukrans Welcome bonus
Score: 0.8108202
Text: SHUKRAN ADCB CREDIT CARD
More reasons to say Shukran with the new Shukran ADCB Credit Card.

Key Features:
- Up to AED 1,200 Welcome Bonus as Shukrans upon achieving a minimum spend of AED 8,000 in the first 60 days.
- 10% back as Shukrans on all purchases made at Shukran brands.
- Up to 1.5% back as Shukrans on all other retail purchases.
- Complimentary upgrade to Shukran Platinum Tier membership.
- No annual fee for the first year.
- Buy 1 get 1 free on movie tickets at Reel Cinemas.

Importa...

--- Document 2 ---
ID: 25653eb13140da1bddbd84c3b29727d8
Title: SCHEDULE OF FEES
Score: 0.7825409
Text: | Fees and Charges | Aspire | Privilege/Emirati | Excellency/Emirati Excellency |
| :--- | :--- | :--- | :--- |
| Annual Membership fee: | | | |
| • TouchPoints Infinite Card | AED 1,050 | AED 1,050 | AED 525 |
| • Betaqti World Elite Card (exclusively for UAE Nationals) | AED 2,100 | AED 2,100 | AED 2,100 |
| • Traveller World Elite Card | AED 1,575 | AED 787.5 | AED 787.5 |
| • LuLu Platinum Card | Free | Free | Free |
| • TouchPoints Platinum Card (First year free) | AED 630 | AED 315 | Free ...

--- Document 3 ---
ID: eeefb2ff5564c18b2b6aa168702cfa7b
Title: ADCB Privilege Club Platinum Debit Card - Premium Benefits
Score: 0.77609
Text: PRIVILEGE CLUB PLATINUM DEBIT CARD: PREMIUM FEATURES FOR PREMIUM CUSTOMERS. This card offers enhanced rewards for shopping and travel.

Key benefits include zero issuance fees for primary and supplementary cards, complimentary airport lounge access at select regional airports, and up to five free supplementary Debit Cards linked to your Current or Savings Account.

Important Fees to Keep in Mind: An AED 26.25 card replacement fee applies if the card is lost, stolen, or damaged (waived for techni...

--- Document 4 ---
ID: f7e4561907eb62c7535f534b162a9690
Title: SCHEDULE OF FEES
Score: 0.77103925
Text: | | Aspire | Privilege | Excellency |
| :--- | :--- | :--- | :--- |
| Debit Card issuance: - Primary Card/ 1st Supplementary Card - Additional Supplementary Debit Card - Debit Card replacement (lost/stolen/damaged) | Free Free AED 26.25 | Free Free AED 26.25 | Free Free Free |
| Usage fee in UAE at ADCB ATMs: - Cash withdrawal - Denial - Inquiry - Cash deposit - Funds transfer (within same CID) | Free Free Free Free Free | Free Free Free Free Free | Free Free Free Free Free |
| Usage fee in UAE ...

--- Document 5 ---
ID: d9e2a6693286eade37fba8c676c55221
Title: SCHEDULE OF FEES
Score: 0.7705936
Text: | Service | Aspire | Privilege | Excellency |
| :--- | :--- | :--- | :--- |
| Customer Details** Update | AED 31.5 | Free | Free |
| Transfer TouchPoints | AED 31.5 | Free | Free |
| E-Statement Request/Subscription | AED 31.5 | Free | Free |
| Change Maturity Instructions for Fixed Deposit | AED 31.5 | Free | Free |

========================================

========================================
REQ_ID = 1985ed60-d3f2-497d-938e-38ed79c24460

DOCUMENTS RETREIVED


--- Document 1 ---
ID: 8bb5a93554359307967b8cc5f6f218ea
Title: Open a Personal Call and Savings Account in the UAE | ADCB
Score: 0.9078138
Text: Interest Rates

SAVINGS ACCOUNT INTEREST RATE (effective from 16th Aug, 2024)
- AED: 0.10%
- USD: 0.10%
- GBP: 0.05%
- AUD: 0.05%
- CAD: 0.05%
- CHF: 0.05%
- EUR: 0.05%
- JPY: 0.05%
- SAR: 0.05%
- SGD: 0.05%

CALL ACCOUNT INTEREST RATES (per annum)
- AED: 0.10%
- USD: 0.05%
- GBP: 0.05% (effective from 1st August, 2020)
- All other listed currencies (EUR, CAD, AUD, CHF, JPY, SGD, SAR, NZD, NOK, DKK, MYR) have NIL interest effective from 1st August, 2020.

--- Document 2 ---
ID: 20185cccdb7e82e210dd77eb0fcf679c
Title: ADCB Foreign Currency Savings Accounts | ADCB
Score: 0.8966032
Text: AVAILABLE CURRENCIES AND INTEREST RATES

Currency Name (Currency Code) - Interest Rates per annum

Effective from 16 Aug 2024:
- UNITED STATES DOLLAR (USD): 0.10%
- BRITISH POUND STERLING (GBP): 0.05%
- AUSTRALIAN DOLLAR (AUD): 0.05%
- EURO (EUR): 0.05%
- CANADIAN DOLLAR (CAD): 0.05%
- SINGAPORE DOLLAR (SGD): 0.05%
- SWISS FRANC (CHF): 0.05%
- JAPANESE YEN (JPY): 0.05%
- SAUDI RIYAL (SAR): 0.05%

Effective from 23 Oct 2025:
- BAHRAINI DINAR (BHD): 0.05%
- HONG KONG DOLLAR (HKD): 0.05%
- NORWEGIA...

--- Document 3 ---
ID: d59c99418104134f343949e0e212b9c7
Title: Active Saver Online Bank Account in the UAE | ADCB
Score: 0.8912403
Text: ACTIVE SAVER USD RATES (effective from 1st March ’23)
- Less than USD 10,000: 0.20%
- USD 10,000 to less than USD 300,000: 0.60%
- USD 300,000 to less than USD 500,000: 1.00%
- USD 500,000 to less than USD 1 Million: 1.50%
- USD 1 Million up to USD 5 Million: 2.00%
- Above USD 5 Million: 0.20%

--- Document 4 ---
ID: d8b8b713f6a2916b11f8e39bd72295d3
Title: Active Saver Online Bank Account in the UAE | ADCB
Score: 0.89094245
Text: ACTIVE SAVER AED RATES (effective from 1st June '23)
- AED 200,000 or less: 0.40%
- Above AED 200,000 up to AED 750,000: 1.00%
- Above AED 750,000 up to AED 2 Million: 1.75%
- Above AED 2 Million up to AED 5 Million: 2.25%
- Above AED 5 Million up to AED 20 Million: 2.00%
- Above AED 20 Million: 0.20%

--- Document 5 ---
ID: 5a6645e743accb9ec7bb51d02241cd27
Title: Active Saver Online Bank Account in the UAE | ADCB
Score: 0.8803637
Text: ACTIVE SAVER GBP RATES (effective from 1st August ’22)
- Less than GBP 10,000: 0.20%
- GBP 10,000 to less than GBP 100,000: 0.55%
- GBP 100,000 to less than GBP 250,000: 0.65%
- GBP 250,000 and above: 0.75%

========================================

========================================
REQ_ID = c6d7cdbf-51ed-49ea-b9f9-06aec22221ee

DOCUMENTS RETREIVED


--- Document 1 ---
ID: d4506ab9fb3e52070ee68be26ffa0d52
Title: Open a Bank Account in the UAE | ADCB
Score: 0.8932544
Text: Explore our accounts

Account offerings:
- Super Saver Account: Earn up to 4.50% interest per annum.
- Goal Savings Account: Earn up to 4.5% interest with automated scheduled contributions.
- ADCB Gold & Silver Accounts: Buy and sell gold and silver.
- Active Saver Account: Instant setup and easy access to earn more from savings.
- ADCB Current Account: Everyday banking with a range of benefits.
- ADCB Savings & Call Accounts: Options with monthly accrued interest.
- Emirati Millionaire Savings ...

--- Document 2 ---
ID: 533d8d15f184a1cc024e723a62768ecd
Title: Open a Personal Call and Savings Account in the UAE | ADCB
Score: 0.86857814
Text: ADCB SAVINGS AND CALL ACCOUNTS

SAVE FOR TOMORROW, ENJOY THE BENEFITS TODAY

We offer a suite of convenient and reliable solutions to save and grow your money.

Key Highlights:
- Minimum Monthly Salary: AED 5,000 (For residents employed in UAE)
- E-statement Fees: AED 0 (Within the statement cycle)
- Interest Rate: Up to 0.10% per annum (For AED, USD and other major currencies)

--- Document 3 ---
ID: 67c0b876d6d562c6815dc8aba58223c5
Title: Current and Savings Accounts - Individuals
Score: 0.866893
Text: *Interest will only be credited to an interest-bearing Account if the minimum Interest has accrued and such interest-bearing Account has not been closed any time prior to the interest payout cycle, which is decided by ADCB from time to time.

**Interest is paid as per the tiered interest rates, based on the daily balance maintained.

***Bonus Rate is applicable only on New-to-Bank Funds in Super Saver Account. AED Account: Minimum of AED 50,000 and Maximum of AED 10,000,000 Monthly Average Balan...

--- Document 4 ---
ID: 0caddc32a432f22f66e9a2054730349d
Title: Open a Personal Call and Savings Account in the UAE | ADCB
Score: 0.86181813
Text: Key Features and Benefits

Savings Account:
- Available for UAE residents and non-residents.
- Offered in AED, USD, GBP, AUD, CAD, CHF, EUR, JPY, SAR, SGD currencies.
- Interest is accrued monthly on the minimum balance and paid half-yearly.
- Free e-statements within the statement cycle.
- Debit card available for AED Savings accounts only.

Call Account:
- Available for both UAE residents and non-residents.
- Offered in AED, USD, and other major currencies.
- Interest is accrued on the daily b...

--- Document 5 ---
ID: 6a088345c96aa3f342e44960efac0781
Title: Active Saver Online Bank Account in the UAE | ADCB
Score: 0.8611692
Text: ADCB ACTIVE SAVER ACCOUNT

ACHIEVE YOUR AMBITIONS FASTER
Whether you’re saving for a wedding, school fees, a vacation or your dream house, the ADCB Active Saver Account earns you more on your savings, so you achieve your ambitions faster.

Key Interest Rates:
- Up to 2.25% Maximum Interest Earned Per Annum on AED Account
- Up to 2.00% Maximum Interest Earned Per Annum on USD Account

========================================

========================================
REQ_ID = 2e52e744-bafd-406e-8813-3ca79f3732a0

DOCUMENTS RETREIVED


--- Document 1 ---
ID: d4506ab9fb3e52070ee68be26ffa0d52
Title: Open a Bank Account in the UAE | ADCB
Score: 0.7953508
Text: Explore our accounts

Account offerings:
- Super Saver Account: Earn up to 4.50% interest per annum.
- Goal Savings Account: Earn up to 4.5% interest with automated scheduled contributions.
- ADCB Gold & Silver Accounts: Buy and sell gold and silver.
- Active Saver Account: Instant setup and easy access to earn more from savings.
- ADCB Current Account: Everyday banking with a range of benefits.
- ADCB Savings & Call Accounts: Options with monthly accrued interest.
- Emirati Millionaire Savings ...

--- Document 2 ---
ID: f63e3ddbf34ff60781b7fb1dc71814db
Title: Mid Corporate FAQ Active Saver Account
Score: 0.7850665
Text: The Active Saver Account is an online savings account offered by ADCB with competitive interest rates. It is designed to be opened and operated exclusively through ADCB Personal Internet Banking, making it accessible anytime, anywhere. The account can be opened in UAE Dirhams, US Dollars, and British Pounds (GBP), with a limit of one account per currency for each customer.

A minimum initial deposit of AED 1,000, USD 1,000, or GBP 1,000 is required to open the account in the respective currency....

--- Document 3 ---
ID: 67c0b876d6d562c6815dc8aba58223c5
Title: Current and Savings Accounts - Individuals
Score: 0.77812046
Text: *Interest will only be credited to an interest-bearing Account if the minimum Interest has accrued and such interest-bearing Account has not been closed any time prior to the interest payout cycle, which is decided by ADCB from time to time.

**Interest is paid as per the tiered interest rates, based on the daily balance maintained.

***Bonus Rate is applicable only on New-to-Bank Funds in Super Saver Account. AED Account: Minimum of AED 50,000 and Maximum of AED 10,000,000 Monthly Average Balan...

--- Document 4 ---
ID: 3c91ba13737693a5d37abea62aa58c0a
Title: Active Saver Online Bank Account in the UAE | ADCB
Score: 0.7747054
Text: Key Features and Benefits
- You can open your Active Saver Account in just a few minutes through ADCB Personal Internet Banking.
- Interest is calculated daily and paid monthly and with tiered interest rates, you earn more on your savings.
- Available in AED, USD, and GBP.
- Pay credit card bills, transfer funds and redeem TouchPoints.
- Online access anywhere, anytime means you can manage your savings outside work hours.
- Transferring money into the Active saver account is just a click away.

--- Document 5 ---
ID: 6a088345c96aa3f342e44960efac0781
Title: Active Saver Online Bank Account in the UAE | ADCB
Score: 0.76965773
Text: ADCB ACTIVE SAVER ACCOUNT

ACHIEVE YOUR AMBITIONS FASTER
Whether you’re saving for a wedding, school fees, a vacation or your dream house, the ADCB Active Saver Account earns you more on your savings, so you achieve your ambitions faster.

Key Interest Rates:
- Up to 2.25% Maximum Interest Earned Per Annum on AED Account
- Up to 2.00% Maximum Interest Earned Per Annum on USD Account

========================================

========================================
REQ_ID = 08597851-8243-4cec-b666-27ef492c1b56

DOCUMENTS RETREIVED


--- Document 1 ---
ID: a80d8e204eb82c924b55ea6a66963254
Title: Apply for a Credit Card Online in the UAE - ADCB
Score: 0.87669295
Text: ADCB offers a wide range of credit cards tailored to various customer needs, from everyday spending to travel perks, cashback, and lifestyle rewards. The bank emphasizes sustainability, providing cards made from recycled plastic to reduce environmental waste.

--- Document 2 ---
ID: 03e6d6361f19140487ca7594db9fb7a6
Title: ADCB Islamic Banking Cards UAE
Score: 0.86204326
Text: ADCB Islamic Banking offers a diverse range of cards designed to meet the varied needs of its customers. Whether you need a card for everyday spending, travel benefits, or generous cashback and lifestyle rewards, ADCB provides options that cater to each requirement.

The card portfolio includes categories such as: daily spend cards for routine purchases, travel‑focused cards with perks like lounge access and travel insurance, and cashback cards that reward users with a percentage of their spend ...

--- Document 3 ---
ID: c73eb22f9a7dc7cf7208ee8a81b25c7b
Title: ADCB Cards: Discover exclusive features and benefits
Score: 0.8584286
Text: ADCB Cards offer a comprehensive suite of features designed to enhance security, convenience, and rewards. Key features include: • ADCB SecurePass – a secure authentication method for card transactions; • New Flexipay – convert credit card balances into low‑interest installment plans up to 48 months; • Mobile & Digital Wallets – convenient payment solutions at your fingertips; • Global Lounge Access – unlimited complimentary access to premium lounges worldwide; • School Fee Installment Plans – s...

--- Document 4 ---
ID: 8ed851505f0384bfd892ff8a696771e2
Title: ADCB | A leading banking institution in the UAE
Score: 0.8525275
Text: CARDS - A SELECTION OF SUPERIOR CARDS THAT FIT YOUR LIFESTYLE. Enjoy a rewarding experience when using any of our debit or credit cards.

--- Document 5 ---
ID: b4c35434b4023c485a39d23ae06fc6c9
Title: ADCB Credit Cards - Rewards, Cashback, & Lifestyle Benefits
Score: 0.84525704
Text: ADCB SECURITIES VIRTUAL ASSETS TRADING PLATFORM: Discover a smarter way to trade crypto, fund your wallet and hold digital assets

========================================

========================================
REQ_ID = ac1f3b3a-89db-48b2-93c2-77fab68f183b

DOCUMENTS RETREIVED


--- Document 1 ---
ID: 8bb5a93554359307967b8cc5f6f218ea
Title: Open a Personal Call and Savings Account in the UAE | ADCB
Score: 0.9099777
Text: Interest Rates

SAVINGS ACCOUNT INTEREST RATE (effective from 16th Aug, 2024)
- AED: 0.10%
- USD: 0.10%
- GBP: 0.05%
- AUD: 0.05%
- CAD: 0.05%
- CHF: 0.05%
- EUR: 0.05%
- JPY: 0.05%
- SAR: 0.05%
- SGD: 0.05%

CALL ACCOUNT INTEREST RATES (per annum)
- AED: 0.10%
- USD: 0.05%
- GBP: 0.05% (effective from 1st August, 2020)
- All other listed currencies (EUR, CAD, AUD, CHF, JPY, SGD, SAR, NZD, NOK, DKK, MYR) have NIL interest effective from 1st August, 2020.

--- Document 2 ---
ID: 533d8d15f184a1cc024e723a62768ecd
Title: Open a Personal Call and Savings Account in the UAE | ADCB
Score: 0.8926929
Text: ADCB SAVINGS AND CALL ACCOUNTS

SAVE FOR TOMORROW, ENJOY THE BENEFITS TODAY

We offer a suite of convenient and reliable solutions to save and grow your money.

Key Highlights:
- Minimum Monthly Salary: AED 5,000 (For residents employed in UAE)
- E-statement Fees: AED 0 (Within the statement cycle)
- Interest Rate: Up to 0.10% per annum (For AED, USD and other major currencies)

--- Document 3 ---
ID: 67c0b876d6d562c6815dc8aba58223c5
Title: Current and Savings Accounts - Individuals
Score: 0.8887086
Text: *Interest will only be credited to an interest-bearing Account if the minimum Interest has accrued and such interest-bearing Account has not been closed any time prior to the interest payout cycle, which is decided by ADCB from time to time.

**Interest is paid as per the tiered interest rates, based on the daily balance maintained.

***Bonus Rate is applicable only on New-to-Bank Funds in Super Saver Account. AED Account: Minimum of AED 50,000 and Maximum of AED 10,000,000 Monthly Average Balan...

--- Document 4 ---
ID: d59c99418104134f343949e0e212b9c7
Title: Active Saver Online Bank Account in the UAE | ADCB
Score: 0.8826613
Text: ACTIVE SAVER USD RATES (effective from 1st March ’23)
- Less than USD 10,000: 0.20%
- USD 10,000 to less than USD 300,000: 0.60%
- USD 300,000 to less than USD 500,000: 1.00%
- USD 500,000 to less than USD 1 Million: 1.50%
- USD 1 Million up to USD 5 Million: 2.00%
- Above USD 5 Million: 0.20%

--- Document 5 ---
ID: 20185cccdb7e82e210dd77eb0fcf679c
Title: ADCB Foreign Currency Savings Accounts | ADCB
Score: 0.8809135
Text: AVAILABLE CURRENCIES AND INTEREST RATES

Currency Name (Currency Code) - Interest Rates per annum

Effective from 16 Aug 2024:
- UNITED STATES DOLLAR (USD): 0.10%
- BRITISH POUND STERLING (GBP): 0.05%
- AUSTRALIAN DOLLAR (AUD): 0.05%
- EURO (EUR): 0.05%
- CANADIAN DOLLAR (CAD): 0.05%
- SINGAPORE DOLLAR (SGD): 0.05%
- SWISS FRANC (CHF): 0.05%
- JAPANESE YEN (JPY): 0.05%
- SAUDI RIYAL (SAR): 0.05%

Effective from 23 Oct 2025:
- BAHRAINI DINAR (BHD): 0.05%
- HONG KONG DOLLAR (HKD): 0.05%
- NORWEGIA...

========================================

========================================
REQ_ID = c4b4241e-0c0b-4543-9d83-d3aeb4b85098

DOCUMENTS RETREIVED


--- Document 1 ---
ID: a80d8e204eb82c924b55ea6a66963254
Title: Apply for a Credit Card Online in the UAE - ADCB
Score: 0.88070524
Text: ADCB offers a wide range of credit cards tailored to various customer needs, from everyday spending to travel perks, cashback, and lifestyle rewards. The bank emphasizes sustainability, providing cards made from recycled plastic to reduce environmental waste.

--- Document 2 ---
ID: 7dd644ceb5dbf65f0413599daaa0ed30
Title: ADCB Credit Cards - Rewards, Cashback, & Lifestyle Benefits
Score: 0.87025535
Text: TOUCHPOINTS LOYALTY PROGRAM: Earn points every time you bank with us

--- Document 3 ---
ID: 9bb98a2daa994f777db32e8b922a79c1
Title: ADCB Credit Cards - Rewards, Cashback, & Lifestyle Benefits
Score: 0.8664705
Text: UNLOCK MILLIONS OF TOUCHPOINTS: Refer your friends and family to ADCB Private

--- Document 4 ---
ID: 03e6d6361f19140487ca7594db9fb7a6
Title: ADCB Islamic Banking Cards UAE
Score: 0.86499166
Text: ADCB Islamic Banking offers a diverse range of cards designed to meet the varied needs of its customers. Whether you need a card for everyday spending, travel benefits, or generous cashback and lifestyle rewards, ADCB provides options that cater to each requirement.

The card portfolio includes categories such as: daily spend cards for routine purchases, travel‑focused cards with perks like lounge access and travel insurance, and cashback cards that reward users with a percentage of their spend ...

--- Document 5 ---
ID: b4c35434b4023c485a39d23ae06fc6c9
Title: ADCB Credit Cards - Rewards, Cashback, & Lifestyle Benefits
Score: 0.8637297
Text: ADCB SECURITIES VIRTUAL ASSETS TRADING PLATFORM: Discover a smarter way to trade crypto, fund your wallet and hold digital assets

========================================

========================================
REQ_ID = 51597994-0bc7-4e19-ae1a-a0170d3f6e5b

DOCUMENTS RETREIVED


--- Document 1 ---
ID: a80d8e204eb82c924b55ea6a66963254
Title: Apply for a Credit Card Online in the UAE - ADCB
Score: 0.89271045
Text: ADCB offers a wide range of credit cards tailored to various customer needs, from everyday spending to travel perks, cashback, and lifestyle rewards. The bank emphasizes sustainability, providing cards made from recycled plastic to reduce environmental waste.

--- Document 2 ---
ID: 03e6d6361f19140487ca7594db9fb7a6
Title: ADCB Islamic Banking Cards UAE
Score: 0.8771374
Text: ADCB Islamic Banking offers a diverse range of cards designed to meet the varied needs of its customers. Whether you need a card for everyday spending, travel benefits, or generous cashback and lifestyle rewards, ADCB provides options that cater to each requirement.

The card portfolio includes categories such as: daily spend cards for routine purchases, travel‑focused cards with perks like lounge access and travel insurance, and cashback cards that reward users with a percentage of their spend ...

--- Document 3 ---
ID: c73eb22f9a7dc7cf7208ee8a81b25c7b
Title: ADCB Cards: Discover exclusive features and benefits
Score: 0.874405
Text: ADCB Cards offer a comprehensive suite of features designed to enhance security, convenience, and rewards. Key features include: • ADCB SecurePass – a secure authentication method for card transactions; • New Flexipay – convert credit card balances into low‑interest installment plans up to 48 months; • Mobile & Digital Wallets – convenient payment solutions at your fingertips; • Global Lounge Access – unlimited complimentary access to premium lounges worldwide; • School Fee Installment Plans – s...

--- Document 4 ---
ID: 3eccbafd84f276f304c691cd0de38e6e
Title: ADCB Credit Cards - Rewards, Cashback, & Lifestyle Benefits
Score: 0.8709843
Text: MORTGAGE SOLUTIONS: Unlock your dream home with tailored mortgage solutions from ADCB

--- Document 5 ---
ID: 9bb98a2daa994f777db32e8b922a79c1
Title: ADCB Credit Cards - Rewards, Cashback, & Lifestyle Benefits
Score: 0.8685335
Text: UNLOCK MILLIONS OF TOUCHPOINTS: Refer your friends and family to ADCB Private

========================================

========================================
REQ_ID = c6c4e9c4-f0db-4bea-b8b8-ccd8502f05ef

DOCUMENTS RETREIVED


--- Document 1 ---
ID: f87bf7c2fb602c6877997f75b7dae99b
Title: Fixed Deposit Accounts | ADCB
Score: 0.82369065
Text: ADVANTAGE FIXED DEPOSITS
Earn attractive interest rates of 2.75% per annum on Advantage Fixed Deposits.
Tenor (AED)
1 Month - 2.75%
3 Months - 2.65%
6 Months - 2.55%
9 Months - 2.50%
12 Months - 2.55%
13 Months - 2.25%
*Interest rates are per annum and subject to change, Minimum deposit amount is AED 50,000.
You can open an Advantage Fixed Deposit through your ADCB Mobile Banking App or ADCB Personal Internet Banking.

--- Document 2 ---
ID: de9726de045a0f45fd94df7676bc8c22
Title: Fixed Deposit Accounts | ADCB
Score: 0.82114863
Text: ADCB FIXED TERM DEPOSIT
Earn attractive interest rate up to 3.85% on Fixed Term Deposit.
Tenor - AED / USD / GBP / AUD / CAD / NZD / CHF / SAR / EUR
7 Days: 2.70% (AED only)
1 Month: 2.75% / 2.95% / 2.55% / 2.95% / 2.95% / 2.95% / 2.95% / 3.85% / 0.45%
2 Months: 2.65% / 2.80% / 2.65% / 2.80% / 2.80% / 2.80% / 2.80% / 3.75% / 0.60%
3 Months: 2.65% / 2.80% / 2.70% / 2.80% / 2.80% / 2.80% / 2.80% / 3.65% / 0.60%
6 Months: 2.55% / 2.75% / 2.80% / 2.75% / 2.75% / 2.75% / 2.75% / 3.80% / 0.75%
9 Month...

--- Document 3 ---
ID: 6e3bfd4153d87b7d2e135355a3eb2b67
Title: Regular Interest Deposit
Score: 0.81573045
Text: Interest Rates:
Earn attractive interest rates of 2.75% per annum on Regular Interest Deposits*.

Tenor - AED
3 Months - 2.60%
6 Months - 2.50%
9 Months - 2.45%
12 Months - 2.50%
18 Months - 2.25%
2 Years - 2.25%
3 Years - 2.50%
4 Years - 2.65%
5 Years - 2.75%

--- Document 4 ---
ID: 6a122b89f04e6ffe87d1cb47bafda2f3
Title: Fixed Deposit Accounts | ADCB
Score: 0.8125607
Text: Interest Rates

ADCB ONLINE CENTURY DEPOSITS
Earn attractive interest rates of up to 2.8% per annum on Fixed Deposits.
Tenor - AED / USD
50 Days - 2.65% / 2.80%
75 Days - 2.65% / 2.80%
100 Days - 2.55% / 2.65%
150 Days - 2.55% / 2.70%
200 Days - 2.45% / 2.55%
375 Days - 2.25% / 2.55%
400 Days - 2.25% / 2.55%
500 Days - 2.25% / -
*Interest rates are per annum and subject to change. Minimum deposit amounts are AED 5,000 and USD 1,500.

--- Document 5 ---
ID: 8913e2f802463d2e6a026aef0fd048e8
Title: Upfront Fixed Deposit Interest Rate in the UAE | ADCB
Score: 0.7982435
Text: Interest Rates
Earn attractive interest rates of up to 2.55% per annum on Upfront Interest Deposits.

Tenor | AED
--- | ---
3 Months | 2.55%
6 Months | 2.45%
9 Months | 2.40%
12 Months | 2.45%
18 Months | 2.20%
24 Months | 2.20%
30 Months | 2.20%
36 Months | 2.45%

========================================

========================================
REQ_ID = b84e6ba0-8b31-4b52-a1fe-69afd8d4c193

DOCUMENTS RETREIVED


--- Document 1 ---
ID: 533d8d15f184a1cc024e723a62768ecd
Title: Open a Personal Call and Savings Account in the UAE | ADCB
Score: 0.89214945
Text: ADCB SAVINGS AND CALL ACCOUNTS

SAVE FOR TOMORROW, ENJOY THE BENEFITS TODAY

We offer a suite of convenient and reliable solutions to save and grow your money.

Key Highlights:
- Minimum Monthly Salary: AED 5,000 (For residents employed in UAE)
- E-statement Fees: AED 0 (Within the statement cycle)
- Interest Rate: Up to 0.10% per annum (For AED, USD and other major currencies)

--- Document 2 ---
ID: d4506ab9fb3e52070ee68be26ffa0d52
Title: Open a Bank Account in the UAE | ADCB
Score: 0.8894831
Text: Explore our accounts

Account offerings:
- Super Saver Account: Earn up to 4.50% interest per annum.
- Goal Savings Account: Earn up to 4.5% interest with automated scheduled contributions.
- ADCB Gold & Silver Accounts: Buy and sell gold and silver.
- Active Saver Account: Instant setup and easy access to earn more from savings.
- ADCB Current Account: Everyday banking with a range of benefits.
- ADCB Savings & Call Accounts: Options with monthly accrued interest.
- Emirati Millionaire Savings ...

--- Document 3 ---
ID: a1ee9466f3961d02ad9643e0696bad45
Title: Open a Bank Account in the UAE | ADCB
Score: 0.8799962
Text: ADCB SAVINGS & CALL ACCOUNTS
Explore a range of options offering monthly accrued interest and more.

--- Document 4 ---
ID: 0caddc32a432f22f66e9a2054730349d
Title: Open a Personal Call and Savings Account in the UAE | ADCB
Score: 0.8785224
Text: Key Features and Benefits

Savings Account:
- Available for UAE residents and non-residents.
- Offered in AED, USD, GBP, AUD, CAD, CHF, EUR, JPY, SAR, SGD currencies.
- Interest is accrued monthly on the minimum balance and paid half-yearly.
- Free e-statements within the statement cycle.
- Debit card available for AED Savings accounts only.

Call Account:
- Available for both UAE residents and non-residents.
- Offered in AED, USD, and other major currencies.
- Interest is accrued on the daily b...

--- Document 5 ---
ID: 1dffee46ba46efbe7c17b187b208fd89
Title: Islamic Savings Account in the UAE | ADCB Islamic Banking
Score: 0.866813
Text: SAVINGS ACCOUNTS – Save for tomorrow, enjoy benefits today. We offer a convenient, reliable, friendly solution to save and grow your money.

Key Features and Benefits – Savings Account: available to UAE residents and non‑residents, in AED, profit accrued monthly on minimum balance and paid quarterly, free e‑statements, debit card available. Special Savings Account: available to UAE residents and non‑residents, in AED and other major currencies, profit rate applied on average daily balance and pa...

========================================

========================================
REQ_ID = 2a235478-8d3d-4737-b0bd-2f82f7fdb1d5

DOCUMENTS RETREIVED


--- Document 1 ---
ID: 8bb5a93554359307967b8cc5f6f218ea
Title: Open a Personal Call and Savings Account in the UAE | ADCB
Score: 0.91445076
Text: Interest Rates

SAVINGS ACCOUNT INTEREST RATE (effective from 16th Aug, 2024)
- AED: 0.10%
- USD: 0.10%
- GBP: 0.05%
- AUD: 0.05%
- CAD: 0.05%
- CHF: 0.05%
- EUR: 0.05%
- JPY: 0.05%
- SAR: 0.05%
- SGD: 0.05%

CALL ACCOUNT INTEREST RATES (per annum)
- AED: 0.10%
- USD: 0.05%
- GBP: 0.05% (effective from 1st August, 2020)
- All other listed currencies (EUR, CAD, AUD, CHF, JPY, SGD, SAR, NZD, NOK, DKK, MYR) have NIL interest effective from 1st August, 2020.

--- Document 2 ---
ID: 533d8d15f184a1cc024e723a62768ecd
Title: Open a Personal Call and Savings Account in the UAE | ADCB
Score: 0.89541507
Text: ADCB SAVINGS AND CALL ACCOUNTS

SAVE FOR TOMORROW, ENJOY THE BENEFITS TODAY

We offer a suite of convenient and reliable solutions to save and grow your money.

Key Highlights:
- Minimum Monthly Salary: AED 5,000 (For residents employed in UAE)
- E-statement Fees: AED 0 (Within the statement cycle)
- Interest Rate: Up to 0.10% per annum (For AED, USD and other major currencies)

--- Document 3 ---
ID: 67c0b876d6d562c6815dc8aba58223c5
Title: Current and Savings Accounts - Individuals
Score: 0.89104486
Text: *Interest will only be credited to an interest-bearing Account if the minimum Interest has accrued and such interest-bearing Account has not been closed any time prior to the interest payout cycle, which is decided by ADCB from time to time.

**Interest is paid as per the tiered interest rates, based on the daily balance maintained.

***Bonus Rate is applicable only on New-to-Bank Funds in Super Saver Account. AED Account: Minimum of AED 50,000 and Maximum of AED 10,000,000 Monthly Average Balan...

--- Document 4 ---
ID: d59c99418104134f343949e0e212b9c7
Title: Active Saver Online Bank Account in the UAE | ADCB
Score: 0.88847595
Text: ACTIVE SAVER USD RATES (effective from 1st March ’23)
- Less than USD 10,000: 0.20%
- USD 10,000 to less than USD 300,000: 0.60%
- USD 300,000 to less than USD 500,000: 1.00%
- USD 500,000 to less than USD 1 Million: 1.50%
- USD 1 Million up to USD 5 Million: 2.00%
- Above USD 5 Million: 0.20%

--- Document 5 ---
ID: 20185cccdb7e82e210dd77eb0fcf679c
Title: ADCB Foreign Currency Savings Accounts | ADCB
Score: 0.88515913
Text: AVAILABLE CURRENCIES AND INTEREST RATES

Currency Name (Currency Code) - Interest Rates per annum

Effective from 16 Aug 2024:
- UNITED STATES DOLLAR (USD): 0.10%
- BRITISH POUND STERLING (GBP): 0.05%
- AUSTRALIAN DOLLAR (AUD): 0.05%
- EURO (EUR): 0.05%
- CANADIAN DOLLAR (CAD): 0.05%
- SINGAPORE DOLLAR (SGD): 0.05%
- SWISS FRANC (CHF): 0.05%
- JAPANESE YEN (JPY): 0.05%
- SAUDI RIYAL (SAR): 0.05%

Effective from 23 Oct 2025:
- BAHRAINI DINAR (BHD): 0.05%
- HONG KONG DOLLAR (HKD): 0.05%
- NORWEGIA...

========================================

========================================
REQ_ID = f108be48-5907-4100-991d-37bc5cc4d0a6

DOCUMENTS RETREIVED


--- Document 1 ---
ID: 62d14264679afd475de94a5832eeaf10
Title: ADCB available debit cards (ISLAMIC)
Score: 0.8738495
Text: The available debit cards at ADCB are ( ISLAMIC) : Excellency Platinum Debit Card - Privilege Club Platinum Debit Card - ADCB Islamic Aspire Debit Card

--- Document 2 ---
ID: 03e6d6361f19140487ca7594db9fb7a6
Title: ADCB Islamic Banking Cards UAE
Score: 0.85726404
Text: ADCB Islamic Banking offers a diverse range of cards designed to meet the varied needs of its customers. Whether you need a card for everyday spending, travel benefits, or generous cashback and lifestyle rewards, ADCB provides options that cater to each requirement.

The card portfolio includes categories such as: daily spend cards for routine purchases, travel‑focused cards with perks like lounge access and travel insurance, and cashback cards that reward users with a percentage of their spend ...

--- Document 3 ---
ID: 24cee7b4863c1ed425d8430fac5b9faf
Title: ADCB available credit cards (ISLAMIC)
Score: 0.8544445
Text: the Credit Cards that ADCB have are (ISLAMIC) : Shukran ADCB Islamic Card - ADCB Emirati Islamic Card - Islamic 365 Cashback Card - Talabat ADCB Islamic Card - TouchPoints Infinite Card - TouchPoints Platinum Card - TouchPoints Gold Card - Excellency Platinum Debit Card - Privilege Club Platinum Debit Card - ADCB Islamic Aspire Debit Card

--- Document 4 ---
ID: 8ed851505f0384bfd892ff8a696771e2
Title: ADCB | A leading banking institution in the UAE
Score: 0.85440004
Text: CARDS - A SELECTION OF SUPERIOR CARDS THAT FIT YOUR LIFESTYLE. Enjoy a rewarding experience when using any of our debit or credit cards.

--- Document 5 ---
ID: a80d8e204eb82c924b55ea6a66963254
Title: Apply for a Credit Card Online in the UAE - ADCB
Score: 0.849844
Text: ADCB offers a wide range of credit cards tailored to various customer needs, from everyday spending to travel perks, cashback, and lifestyle rewards. The bank emphasizes sustainability, providing cards made from recycled plastic to reduce environmental waste.

========================================

========================================
REQ_ID = 1135cdb8-b5a3-4794-95b0-18c67b8ada40

DOCUMENTS RETREIVED


--- Document 1 ---
ID: f7e4561907eb62c7535f534b162a9690
Title: SCHEDULE OF FEES
Score: 0.8652453
Text: | | Aspire | Privilege | Excellency |
| :--- | :--- | :--- | :--- |
| Debit Card issuance: - Primary Card/ 1st Supplementary Card - Additional Supplementary Debit Card - Debit Card replacement (lost/stolen/damaged) | Free Free AED 26.25 | Free Free AED 26.25 | Free Free Free |
| Usage fee in UAE at ADCB ATMs: - Cash withdrawal - Denial - Inquiry - Cash deposit - Funds transfer (within same CID) | Free Free Free Free Free | Free Free Free Free Free | Free Free Free Free Free |
| Usage fee in UAE ...

--- Document 2 ---
ID: 25653eb13140da1bddbd84c3b29727d8
Title: SCHEDULE OF FEES
Score: 0.8626816
Text: | Fees and Charges | Aspire | Privilege/Emirati | Excellency/Emirati Excellency |
| :--- | :--- | :--- | :--- |
| Annual Membership fee: | | | |
| • TouchPoints Infinite Card | AED 1,050 | AED 1,050 | AED 525 |
| • Betaqti World Elite Card (exclusively for UAE Nationals) | AED 2,100 | AED 2,100 | AED 2,100 |
| • Traveller World Elite Card | AED 1,575 | AED 787.5 | AED 787.5 |
| • LuLu Platinum Card | Free | Free | Free |
| • TouchPoints Platinum Card (First year free) | AED 630 | AED 315 | Free ...

--- Document 3 ---
ID: 62d14264679afd475de94a5832eeaf10
Title: ADCB available debit cards (ISLAMIC)
Score: 0.841575
Text: The available debit cards at ADCB are ( ISLAMIC) : Excellency Platinum Debit Card - Privilege Club Platinum Debit Card - ADCB Islamic Aspire Debit Card

--- Document 4 ---
ID: eeefb2ff5564c18b2b6aa168702cfa7b
Title: ADCB Privilege Club Platinum Debit Card - Premium Benefits
Score: 0.8356215
Text: PRIVILEGE CLUB PLATINUM DEBIT CARD: PREMIUM FEATURES FOR PREMIUM CUSTOMERS. This card offers enhanced rewards for shopping and travel.

Key benefits include zero issuance fees for primary and supplementary cards, complimentary airport lounge access at select regional airports, and up to five free supplementary Debit Cards linked to your Current or Savings Account.

Important Fees to Keep in Mind: An AED 26.25 card replacement fee applies if the card is lost, stolen, or damaged (waived for techni...

--- Document 5 ---
ID: 5ac48a8eecc4d01597982ede61e990b2
Title: SCHEDULE OF FEES
Score: 0.83350086
Text: | Account Services | Aspire | Privilege | Excellency |
| :--- | :--- | :--- | :--- |
| Chequebooks (10 leaves)* | 3 free chequebooks per year. Additional chequebooks will be charged at AED 52.50 per chequebook | 8 free chequebooks per quarter. Additional chequebooks will be charged at AED 52.50 per chequebook | Free |
| Chequebooks (25 leaves) | 1 free chequebook per year. Additional chequebooks will be charged at AED 52.50 per chequebook | 3 free chequebooks per quarter. Additional chequebooks ...

========================================

========================================
REQ_ID = 0ece2e12-834d-45f3-a37f-e12be812d10c

DOCUMENTS RETREIVED


--- Document 1 ---
ID: d4506ab9fb3e52070ee68be26ffa0d52
Title: Open a Bank Account in the UAE | ADCB
Score: 0.8949094
Text: Explore our accounts

Account offerings:
- Super Saver Account: Earn up to 4.50% interest per annum.
- Goal Savings Account: Earn up to 4.5% interest with automated scheduled contributions.
- ADCB Gold & Silver Accounts: Buy and sell gold and silver.
- Active Saver Account: Instant setup and easy access to earn more from savings.
- ADCB Current Account: Everyday banking with a range of benefits.
- ADCB Savings & Call Accounts: Options with monthly accrued interest.
- Emirati Millionaire Savings ...

--- Document 2 ---
ID: 533d8d15f184a1cc024e723a62768ecd
Title: Open a Personal Call and Savings Account in the UAE | ADCB
Score: 0.8891513
Text: ADCB SAVINGS AND CALL ACCOUNTS

SAVE FOR TOMORROW, ENJOY THE BENEFITS TODAY

We offer a suite of convenient and reliable solutions to save and grow your money.

Key Highlights:
- Minimum Monthly Salary: AED 5,000 (For residents employed in UAE)
- E-statement Fees: AED 0 (Within the statement cycle)
- Interest Rate: Up to 0.10% per annum (For AED, USD and other major currencies)

--- Document 3 ---
ID: a1ee9466f3961d02ad9643e0696bad45
Title: Open a Bank Account in the UAE | ADCB
Score: 0.8867291
Text: ADCB SAVINGS & CALL ACCOUNTS
Explore a range of options offering monthly accrued interest and more.

--- Document 4 ---
ID: 1dffee46ba46efbe7c17b187b208fd89
Title: Islamic Savings Account in the UAE | ADCB Islamic Banking
Score: 0.8809478
Text: SAVINGS ACCOUNTS – Save for tomorrow, enjoy benefits today. We offer a convenient, reliable, friendly solution to save and grow your money.

Key Features and Benefits – Savings Account: available to UAE residents and non‑residents, in AED, profit accrued monthly on minimum balance and paid quarterly, free e‑statements, debit card available. Special Savings Account: available to UAE residents and non‑residents, in AED and other major currencies, profit rate applied on average daily balance and pa...

--- Document 5 ---
ID: e770f20ea9842fdf30201388bf751174
Title: Personal Islamic Bank Accounts in UAE | ADCB Islamic Banking
Score: 0.8761022
Text: Account selection overview: Explore our accounts to find the best fit for your needs.

Elite Account – Enjoy the best of both worlds: earn profit and manage liquidity.

Emirati Millionaire Savings Account – Exclusively for Emiratis, offering a chance to win exciting prizes.

Millionaire Destiny Saving Account – Combine everyday savings benefits with exciting prizes.

Islamic Super Saver Account – Start saving smarter today and earn up to 4.50% expected profit rate per annum.

Islamic Goal Saving...

========================================

========================================
REQ_ID = ec258f59-a1a0-49a1-9b70-3601d3945d3a

DOCUMENTS RETREIVED


--- Document 1 ---
ID: d135e9bb5e654483bd47b30988ce220d
Title: ADCB Personal, Car & Home Loans in the UAE
Score: 0.90408534
Text: ADCB offers a comprehensive range of loan products designed to support customers’ ambitions and financial goals. From vehicle financing to home mortgages, personal loans, and business loans, each solution is tailored to meet diverse needs and preferences.

Loan products:
• Car Loans – Finance pre‑owned or new vehicles and drive away in your dream car.
• Green Car Loans – Reduce your carbon footprint with electric or hybrid vehicle financing.
• Standard Mortgage Loan – Turn your dream home into r...

--- Document 2 ---
ID: aa02becf3487cc4754b93b46cc8a1d71
Title: ADCB Personal, Car & Home Loans in the UAE
Score: 0.8754972
Text: LOANS
WITH YOUR AMBITION AND OUR FINANCE SOLUTIONS, EVERYTHING IS POSSIBLE

DISCOVER OUR LOANS

CAR LOANS
Pre-owned or new, we will help you drive away in your dream car.

GREEN CAR LOANS
Reduce your carbon footprint by purchasing an electric or hybrid vehicle with ADCB Green Car Loans.

STANDARD MORTGAGE LOAN
ADCB helps you turn your dream home into reality. With the option of hybrid or variable rates, you can now choose the solution that suits your individual needs.

MORTGAGE HOME SAVER
A uniq...

--- Document 3 ---
ID: 817a30ca5b7d94fd545b73abc9528bff
Title: ADCB | A leading banking institution in the UAE
Score: 0.87437487
Text: LOANS - GIVE YOUR AMBITION A BOOST. Owning your dream house or dream car has never been easier. Explore our loan solutions that are tailored to cater to your ambitions.

--- Document 4 ---
ID: 677a597ac2f80f5601f6e0bef7b761a7
Title: ADCB | A leading banking institution in the UAE
Score: 0.8720668
Text: 

--- Document 5 ---
ID: 5597355f68ebffa2019c4500a695ef77
Title: Car Loans & Financing Offers in the UAE | ADCB
Score: 0.87057984
Text: Terms and conditions
ADCB loans will be made available at the sole discretion of ADCB, subject to ADCB's terms and conditions and upon submission of documentation acceptable to ADCB. Terms and conditions apply. To view the full Consumer Banking terms and conditions, click here.

========================================

========================================
REQ_ID = 23860142-477f-41a6-a0b3-95d2232e7103

DOCUMENTS RETREIVED


--- Document 1 ---
ID: d4506ab9fb3e52070ee68be26ffa0d52
Title: Open a Bank Account in the UAE | ADCB
Score: 0.885359
Text: Explore our accounts

Account offerings:
- Super Saver Account: Earn up to 4.50% interest per annum.
- Goal Savings Account: Earn up to 4.5% interest with automated scheduled contributions.
- ADCB Gold & Silver Accounts: Buy and sell gold and silver.
- Active Saver Account: Instant setup and easy access to earn more from savings.
- ADCB Current Account: Everyday banking with a range of benefits.
- ADCB Savings & Call Accounts: Options with monthly accrued interest.
- Emirati Millionaire Savings ...

--- Document 2 ---
ID: 068ce073e26603a0b80cf1fb725e4552
Title: ADCB | A leading banking institution in the UAE
Score: 0.86615217
Text: Our Products at a Glance – ADCB offers a range of financial solutions tailored to everyday and long‑term needs, including accounts, cards, loans, TouchPoints rewards, and wealth‑management services.

Accounts – ADCB provides a variety of bank accounts designed to keep your money safe and accessible, meeting both daily and long‑term financial goals. Explore all account options.

Cards – Choose from a selection of debit and credit cards that fit your lifestyle, offering rewards and a rewarding exp...

--- Document 3 ---
ID: e770f20ea9842fdf30201388bf751174
Title: Personal Islamic Bank Accounts in UAE | ADCB Islamic Banking
Score: 0.86375695
Text: Account selection overview: Explore our accounts to find the best fit for your needs.

Elite Account – Enjoy the best of both worlds: earn profit and manage liquidity.

Emirati Millionaire Savings Account – Exclusively for Emiratis, offering a chance to win exciting prizes.

Millionaire Destiny Saving Account – Combine everyday savings benefits with exciting prizes.

Islamic Super Saver Account – Start saving smarter today and earn up to 4.50% expected profit rate per annum.

Islamic Goal Saving...

--- Document 4 ---
ID: 05ab26fb4270004efcc85cb7f872d88c
Title: ADCB | A leading banking institution in the UAE
Score: 0.8604533
Text: Our Products at a Glance: ACCOUNTS – a range of accounts tailored for daily and long‑term needs, ensuring your money is safe. CARDS – a selection of debit and credit cards that reward your lifestyle. LOANS – financing solutions that support your ambitions, from homes to cars. TOUCHPOINTS – a rewards program that earns points for using ADCB products and services. WEALTH MANAGEMENT – innovative, risk‑managed investment solutions for growth and safety.

--- Document 5 ---
ID: 1d9c036f2888ba0753cc79a899fb2201
Title: Islamic Personal Banking Services in UAE | ADCB Islamic Banking
Score: 0.8598643
Text: ADCB Islamic Banking offers a range of tailored products: • Accounts – safe, customised for daily and long‑term needs. • Cards – debit and credit cards that reward your lifestyle. • Finances – home and car finance solutions that make ambitions achievable. • TouchPoints – earn points by using ADCB products and services. • Wealth Management – elite investment solutions and dedicated relationship managers.

========================================

========================================
REQ_ID = ed37d1a5-a83e-4830-bcfc-71816ac9dc00

DOCUMENTS RETREIVED


--- Document 1 ---
ID: f87bf7c2fb602c6877997f75b7dae99b
Title: Fixed Deposit Accounts | ADCB
Score: 0.91401064
Text: ADVANTAGE FIXED DEPOSITS
Earn attractive interest rates of 2.75% per annum on Advantage Fixed Deposits.
Tenor (AED)
1 Month - 2.75%
3 Months - 2.65%
6 Months - 2.55%
9 Months - 2.50%
12 Months - 2.55%
13 Months - 2.25%
*Interest rates are per annum and subject to change, Minimum deposit amount is AED 50,000.
You can open an Advantage Fixed Deposit through your ADCB Mobile Banking App or ADCB Personal Internet Banking.

--- Document 2 ---
ID: de9726de045a0f45fd94df7676bc8c22
Title: Fixed Deposit Accounts | ADCB
Score: 0.9113413
Text: ADCB FIXED TERM DEPOSIT
Earn attractive interest rate up to 3.85% on Fixed Term Deposit.
Tenor - AED / USD / GBP / AUD / CAD / NZD / CHF / SAR / EUR
7 Days: 2.70% (AED only)
1 Month: 2.75% / 2.95% / 2.55% / 2.95% / 2.95% / 2.95% / 2.95% / 3.85% / 0.45%
2 Months: 2.65% / 2.80% / 2.65% / 2.80% / 2.80% / 2.80% / 2.80% / 3.75% / 0.60%
3 Months: 2.65% / 2.80% / 2.70% / 2.80% / 2.80% / 2.80% / 2.80% / 3.65% / 0.60%
6 Months: 2.55% / 2.75% / 2.80% / 2.75% / 2.75% / 2.75% / 2.75% / 3.80% / 0.75%
9 Month...

--- Document 3 ---
ID: 8913e2f802463d2e6a026aef0fd048e8
Title: Upfront Fixed Deposit Interest Rate in the UAE | ADCB
Score: 0.9044486
Text: Interest Rates
Earn attractive interest rates of up to 2.55% per annum on Upfront Interest Deposits.

Tenor | AED
--- | ---
3 Months | 2.55%
6 Months | 2.45%
9 Months | 2.40%
12 Months | 2.45%
18 Months | 2.20%
24 Months | 2.20%
30 Months | 2.20%
36 Months | 2.45%

--- Document 4 ---
ID: 6a122b89f04e6ffe87d1cb47bafda2f3
Title: Fixed Deposit Accounts | ADCB
Score: 0.8967478
Text: Interest Rates

ADCB ONLINE CENTURY DEPOSITS
Earn attractive interest rates of up to 2.8% per annum on Fixed Deposits.
Tenor - AED / USD
50 Days - 2.65% / 2.80%
75 Days - 2.65% / 2.80%
100 Days - 2.55% / 2.65%
150 Days - 2.55% / 2.70%
200 Days - 2.45% / 2.55%
375 Days - 2.25% / 2.55%
400 Days - 2.25% / 2.55%
500 Days - 2.25% / -
*Interest rates are per annum and subject to change. Minimum deposit amounts are AED 5,000 and USD 1,500.

--- Document 5 ---
ID: c503985665dc852c5fbf3ffd72460b9e
Title: Upfront Fixed Deposit Interest Rate in the UAE | ADCB
Score: 0.8808999
Text: Key Features & Benefits
- Wide range of deposit tenors from 3 to 36 months to fulfill evolving financial needs.
- Goal-based solutions for child’s education, mortgage repayments, or other savings goals.
- Helps build a financial nest for emergencies or unforeseen circumstances.
- Upfront interest earned on Day 1 when booking the deposit.
- Principal and interest earned are guaranteed if maintained until maturity.
- Available in UAE Dirhams with attractive interest rates.
- Minimum deposit amount...

========================================

========================================
REQ_ID = 210fe230-2b05-4415-9903-8803b3093928

DOCUMENTS RETREIVED


--- Document 1 ---
ID: 533d8d15f184a1cc024e723a62768ecd
Title: Open a Personal Call and Savings Account in the UAE | ADCB
Score: 0.89214945
Text: ADCB SAVINGS AND CALL ACCOUNTS

SAVE FOR TOMORROW, ENJOY THE BENEFITS TODAY

We offer a suite of convenient and reliable solutions to save and grow your money.

Key Highlights:
- Minimum Monthly Salary: AED 5,000 (For residents employed in UAE)
- E-statement Fees: AED 0 (Within the statement cycle)
- Interest Rate: Up to 0.10% per annum (For AED, USD and other major currencies)

--- Document 2 ---
ID: d4506ab9fb3e52070ee68be26ffa0d52
Title: Open a Bank Account in the UAE | ADCB
Score: 0.8894831
Text: Explore our accounts

Account offerings:
- Super Saver Account: Earn up to 4.50% interest per annum.
- Goal Savings Account: Earn up to 4.5% interest with automated scheduled contributions.
- ADCB Gold & Silver Accounts: Buy and sell gold and silver.
- Active Saver Account: Instant setup and easy access to earn more from savings.
- ADCB Current Account: Everyday banking with a range of benefits.
- ADCB Savings & Call Accounts: Options with monthly accrued interest.
- Emirati Millionaire Savings ...

--- Document 3 ---
ID: a1ee9466f3961d02ad9643e0696bad45
Title: Open a Bank Account in the UAE | ADCB
Score: 0.8799962
Text: ADCB SAVINGS & CALL ACCOUNTS
Explore a range of options offering monthly accrued interest and more.

--- Document 4 ---
ID: 0caddc32a432f22f66e9a2054730349d
Title: Open a Personal Call and Savings Account in the UAE | ADCB
Score: 0.8785224
Text: Key Features and Benefits

Savings Account:
- Available for UAE residents and non-residents.
- Offered in AED, USD, GBP, AUD, CAD, CHF, EUR, JPY, SAR, SGD currencies.
- Interest is accrued monthly on the minimum balance and paid half-yearly.
- Free e-statements within the statement cycle.
- Debit card available for AED Savings accounts only.

Call Account:
- Available for both UAE residents and non-residents.
- Offered in AED, USD, and other major currencies.
- Interest is accrued on the daily b...

--- Document 5 ---
ID: 1dffee46ba46efbe7c17b187b208fd89
Title: Islamic Savings Account in the UAE | ADCB Islamic Banking
Score: 0.866813
Text: SAVINGS ACCOUNTS – Save for tomorrow, enjoy benefits today. We offer a convenient, reliable, friendly solution to save and grow your money.

Key Features and Benefits – Savings Account: available to UAE residents and non‑residents, in AED, profit accrued monthly on minimum balance and paid quarterly, free e‑statements, debit card available. Special Savings Account: available to UAE residents and non‑residents, in AED and other major currencies, profit rate applied on average daily balance and pa...

========================================

========================================
REQ_ID = ddd9c2bd-bb25-4565-82e5-29da2a4cd876

DOCUMENTS RETREIVED


--- Document 1 ---
ID: a80d8e204eb82c924b55ea6a66963254
Title: Apply for a Credit Card Online in the UAE - ADCB
Score: 0.8790924
Text: ADCB offers a wide range of credit cards tailored to various customer needs, from everyday spending to travel perks, cashback, and lifestyle rewards. The bank emphasizes sustainability, providing cards made from recycled plastic to reduce environmental waste.

--- Document 2 ---
ID: 03e6d6361f19140487ca7594db9fb7a6
Title: ADCB Islamic Banking Cards UAE
Score: 0.8595006
Text: ADCB Islamic Banking offers a diverse range of cards designed to meet the varied needs of its customers. Whether you need a card for everyday spending, travel benefits, or generous cashback and lifestyle rewards, ADCB provides options that cater to each requirement.

The card portfolio includes categories such as: daily spend cards for routine purchases, travel‑focused cards with perks like lounge access and travel insurance, and cashback cards that reward users with a percentage of their spend ...

--- Document 3 ---
ID: 24f8544081aee6a1df8ae3fb1cce7df0
Title: ADCB | A leading banking institution in the UAE
Score: 0.85129154
Text: 

--- Document 4 ---
ID: fc918d2f2491332bf8f4712b699fac88
Title: Apply for a Credit Card Online in the UAE - ADCB
Score: 0.8510226
Text: ADCB EXCLUSIVE AUTO OFFERS
Sign up for our specially designed Car Loan package and take advantage of these exclusive deals.

--- Document 5 ---
ID: 24cee7b4863c1ed425d8430fac5b9faf
Title: ADCB available credit cards (ISLAMIC)
Score: 0.8470689
Text: the Credit Cards that ADCB have are (ISLAMIC) : Shukran ADCB Islamic Card - ADCB Emirati Islamic Card - Islamic 365 Cashback Card - Talabat ADCB Islamic Card - TouchPoints Infinite Card - TouchPoints Platinum Card - TouchPoints Gold Card - Excellency Platinum Debit Card - Privilege Club Platinum Debit Card - ADCB Islamic Aspire Debit Card

========================================

========================================
REQ_ID = f02053c6-21d8-4fe8-bd08-d3a278924988

DOCUMENTS RETREIVED


--- Document 1 ---
ID: a80d8e204eb82c924b55ea6a66963254
Title: Apply for a Credit Card Online in the UAE - ADCB
Score: 0.8790661
Text: ADCB offers a wide range of credit cards tailored to various customer needs, from everyday spending to travel perks, cashback, and lifestyle rewards. The bank emphasizes sustainability, providing cards made from recycled plastic to reduce environmental waste.

--- Document 2 ---
ID: 03e6d6361f19140487ca7594db9fb7a6
Title: ADCB Islamic Banking Cards UAE
Score: 0.8594906
Text: ADCB Islamic Banking offers a diverse range of cards designed to meet the varied needs of its customers. Whether you need a card for everyday spending, travel benefits, or generous cashback and lifestyle rewards, ADCB provides options that cater to each requirement.

The card portfolio includes categories such as: daily spend cards for routine purchases, travel‑focused cards with perks like lounge access and travel insurance, and cashback cards that reward users with a percentage of their spend ...

--- Document 3 ---
ID: 24f8544081aee6a1df8ae3fb1cce7df0
Title: ADCB | A leading banking institution in the UAE
Score: 0.85128367
Text: 

--- Document 4 ---
ID: fc918d2f2491332bf8f4712b699fac88
Title: Apply for a Credit Card Online in the UAE - ADCB
Score: 0.8510005
Text: ADCB EXCLUSIVE AUTO OFFERS
Sign up for our specially designed Car Loan package and take advantage of these exclusive deals.

--- Document 5 ---
ID: 24cee7b4863c1ed425d8430fac5b9faf
Title: ADCB available credit cards (ISLAMIC)
Score: 0.84706795
Text: the Credit Cards that ADCB have are (ISLAMIC) : Shukran ADCB Islamic Card - ADCB Emirati Islamic Card - Islamic 365 Cashback Card - Talabat ADCB Islamic Card - TouchPoints Infinite Card - TouchPoints Platinum Card - TouchPoints Gold Card - Excellency Platinum Debit Card - Privilege Club Platinum Debit Card - ADCB Islamic Aspire Debit Card

========================================

========================================
REQ_ID = cf62c9e0-7963-4c04-b7cc-2e4b1da02bd8

DOCUMENTS RETREIVED


--- Document 1 ---
ID: 8bb5a93554359307967b8cc5f6f218ea
Title: Open a Personal Call and Savings Account in the UAE | ADCB
Score: 0.8164649
Text: Interest Rates

SAVINGS ACCOUNT INTEREST RATE (effective from 16th Aug, 2024)
- AED: 0.10%
- USD: 0.10%
- GBP: 0.05%
- AUD: 0.05%
- CAD: 0.05%
- CHF: 0.05%
- EUR: 0.05%
- JPY: 0.05%
- SAR: 0.05%
- SGD: 0.05%

CALL ACCOUNT INTEREST RATES (per annum)
- AED: 0.10%
- USD: 0.05%
- GBP: 0.05% (effective from 1st August, 2020)
- All other listed currencies (EUR, CAD, AUD, CHF, JPY, SGD, SAR, NZD, NOK, DKK, MYR) have NIL interest effective from 1st August, 2020.

--- Document 2 ---
ID: 67c0b876d6d562c6815dc8aba58223c5
Title: Current and Savings Accounts - Individuals
Score: 0.8025822
Text: *Interest will only be credited to an interest-bearing Account if the minimum Interest has accrued and such interest-bearing Account has not been closed any time prior to the interest payout cycle, which is decided by ADCB from time to time.

**Interest is paid as per the tiered interest rates, based on the daily balance maintained.

***Bonus Rate is applicable only on New-to-Bank Funds in Super Saver Account. AED Account: Minimum of AED 50,000 and Maximum of AED 10,000,000 Monthly Average Balan...

--- Document 3 ---
ID: 394993490e32535c358cb1fdc96a02c2
Title: ADCB Goal Savings Account – Earn up to 4.5% Interest
Score: 0.79474753
Text: INTEREST RATES

Standard Interest:
2% per annum standard interest rate is applied to the monthly average balance and paid on the first day of the following month.

Bonus Interest:
2.5% per annum bonus interest rate is applied on the end of day balances and paid on the goal achievement date upon meeting the eligibility criteria.

Conditions for Bonus Interest:
- You may not receive any bonus interest in case of withdrawal or account closure before the goal achievement date.
- You can withdraw amo...

--- Document 4 ---
ID: 20185cccdb7e82e210dd77eb0fcf679c
Title: ADCB Foreign Currency Savings Accounts | ADCB
Score: 0.7921455
Text: AVAILABLE CURRENCIES AND INTEREST RATES

Currency Name (Currency Code) - Interest Rates per annum

Effective from 16 Aug 2024:
- UNITED STATES DOLLAR (USD): 0.10%
- BRITISH POUND STERLING (GBP): 0.05%
- AUSTRALIAN DOLLAR (AUD): 0.05%
- EURO (EUR): 0.05%
- CANADIAN DOLLAR (CAD): 0.05%
- SINGAPORE DOLLAR (SGD): 0.05%
- SWISS FRANC (CHF): 0.05%
- JAPANESE YEN (JPY): 0.05%
- SAUDI RIYAL (SAR): 0.05%

Effective from 23 Oct 2025:
- BAHRAINI DINAR (BHD): 0.05%
- HONG KONG DOLLAR (HKD): 0.05%
- NORWEGIA...

--- Document 5 ---
ID: 832231a08592f1efd4ba06b743b7030d
Title: Super Saver Account
Score: 0.78839225
Text: ADCB Islamic Super Saver Account – Earn up to 4.50% expected profit rate per annum.

Key features: Attractive expected profit rates, instant account opening via ADCB Mobile Banking App, monthly profit payments.

Important notes: Must have an ADCB Current or Savings Account; cannot open as a joint account; account opened via Mobile Internet Banking App; monthly fee applies if balance criteria not met; additional statement fees apply; profit rates calculated monthly based on balance tier.

AED rat...

========================================

========================================
REQ_ID = a56c983e-eea2-4c6c-a180-cfde7606f84e

DOCUMENTS RETREIVED


--- Document 1 ---
ID: d4506ab9fb3e52070ee68be26ffa0d52
Title: Open a Bank Account in the UAE | ADCB
Score: 0.8866372
Text: Explore our accounts

Account offerings:
- Super Saver Account: Earn up to 4.50% interest per annum.
- Goal Savings Account: Earn up to 4.5% interest with automated scheduled contributions.
- ADCB Gold & Silver Accounts: Buy and sell gold and silver.
- Active Saver Account: Instant setup and easy access to earn more from savings.
- ADCB Current Account: Everyday banking with a range of benefits.
- ADCB Savings & Call Accounts: Options with monthly accrued interest.
- Emirati Millionaire Savings ...

--- Document 2 ---
ID: 533d8d15f184a1cc024e723a62768ecd
Title: Open a Personal Call and Savings Account in the UAE | ADCB
Score: 0.87988645
Text: ADCB SAVINGS AND CALL ACCOUNTS

SAVE FOR TOMORROW, ENJOY THE BENEFITS TODAY

We offer a suite of convenient and reliable solutions to save and grow your money.

Key Highlights:
- Minimum Monthly Salary: AED 5,000 (For residents employed in UAE)
- E-statement Fees: AED 0 (Within the statement cycle)
- Interest Rate: Up to 0.10% per annum (For AED, USD and other major currencies)

--- Document 3 ---
ID: a1ee9466f3961d02ad9643e0696bad45
Title: Open a Bank Account in the UAE | ADCB
Score: 0.8778808
Text: ADCB SAVINGS & CALL ACCOUNTS
Explore a range of options offering monthly accrued interest and more.

--- Document 4 ---
ID: 0caddc32a432f22f66e9a2054730349d
Title: Open a Personal Call and Savings Account in the UAE | ADCB
Score: 0.87656283
Text: Key Features and Benefits

Savings Account:
- Available for UAE residents and non-residents.
- Offered in AED, USD, GBP, AUD, CAD, CHF, EUR, JPY, SAR, SGD currencies.
- Interest is accrued monthly on the minimum balance and paid half-yearly.
- Free e-statements within the statement cycle.
- Debit card available for AED Savings accounts only.

Call Account:
- Available for both UAE residents and non-residents.
- Offered in AED, USD, and other major currencies.
- Interest is accrued on the daily b...

--- Document 5 ---
ID: 1dffee46ba46efbe7c17b187b208fd89
Title: Islamic Savings Account in the UAE | ADCB Islamic Banking
Score: 0.8667144
Text: SAVINGS ACCOUNTS – Save for tomorrow, enjoy benefits today. We offer a convenient, reliable, friendly solution to save and grow your money.

Key Features and Benefits – Savings Account: available to UAE residents and non‑residents, in AED, profit accrued monthly on minimum balance and paid quarterly, free e‑statements, debit card available. Special Savings Account: available to UAE residents and non‑residents, in AED and other major currencies, profit rate applied on average daily balance and pa...

========================================

========================================
REQ_ID = 38a80d39-e9fb-4ac5-bb4d-f73f62cf3270

DOCUMENTS RETREIVED


--- Document 1 ---
ID: a80d8e204eb82c924b55ea6a66963254
Title: Apply for a Credit Card Online in the UAE - ADCB
Score: 0.89379275
Text: ADCB offers a wide range of credit cards tailored to various customer needs, from everyday spending to travel perks, cashback, and lifestyle rewards. The bank emphasizes sustainability, providing cards made from recycled plastic to reduce environmental waste.

--- Document 2 ---
ID: 24cee7b4863c1ed425d8430fac5b9faf
Title: ADCB available credit cards (ISLAMIC)
Score: 0.8869619
Text: the Credit Cards that ADCB have are (ISLAMIC) : Shukran ADCB Islamic Card - ADCB Emirati Islamic Card - Islamic 365 Cashback Card - Talabat ADCB Islamic Card - TouchPoints Infinite Card - TouchPoints Platinum Card - TouchPoints Gold Card - Excellency Platinum Debit Card - Privilege Club Platinum Debit Card - ADCB Islamic Aspire Debit Card

--- Document 3 ---
ID: 03e6d6361f19140487ca7594db9fb7a6
Title: ADCB Islamic Banking Cards UAE
Score: 0.87394774
Text: ADCB Islamic Banking offers a diverse range of cards designed to meet the varied needs of its customers. Whether you need a card for everyday spending, travel benefits, or generous cashback and lifestyle rewards, ADCB provides options that cater to each requirement.

The card portfolio includes categories such as: daily spend cards for routine purchases, travel‑focused cards with perks like lounge access and travel insurance, and cashback cards that reward users with a percentage of their spend ...

--- Document 4 ---
ID: bcf881a42568167627e850bf776058c8
Title: ADCB available credit cards (NON ISLAMIC)
Score: 0.87350285
Text: the Credit Cards that ADCB have are (NON ISLAMIC) : Shukran ADCB Credit Card - Traveller Credit Card - 365 Cashback Credit Card - Talabat ADCB Credit Card - Betaqti Credit Card - Lulu Platinum Credit Card - Lulu Titanium Credit Card - TouchPoints Infinite Credit Card - TouchPoints Platinum Credit Card - TouchPoints Titanium/ Gold Credit Card - Essential Cashback Credit Card

--- Document 5 ---
ID: 8ed851505f0384bfd892ff8a696771e2
Title: ADCB | A leading banking institution in the UAE
Score: 0.8711688
Text: CARDS - A SELECTION OF SUPERIOR CARDS THAT FIT YOUR LIFESTYLE. Enjoy a rewarding experience when using any of our debit or credit cards.

========================================

========================================
REQ_ID = 478d950c-e251-4125-aa3c-d1d7e845a102

DOCUMENTS RETREIVED


--- Document 1 ---
ID: d135e9bb5e654483bd47b30988ce220d
Title: ADCB Personal, Car & Home Loans in the UAE
Score: 0.8859793
Text: ADCB offers a comprehensive range of loan products designed to support customers’ ambitions and financial goals. From vehicle financing to home mortgages, personal loans, and business loans, each solution is tailored to meet diverse needs and preferences.

Loan products:
• Car Loans – Finance pre‑owned or new vehicles and drive away in your dream car.
• Green Car Loans – Reduce your carbon footprint with electric or hybrid vehicle financing.
• Standard Mortgage Loan – Turn your dream home into r...

--- Document 2 ---
ID: aa02becf3487cc4754b93b46cc8a1d71
Title: ADCB Personal, Car & Home Loans in the UAE
Score: 0.8606639
Text: LOANS
WITH YOUR AMBITION AND OUR FINANCE SOLUTIONS, EVERYTHING IS POSSIBLE

DISCOVER OUR LOANS

CAR LOANS
Pre-owned or new, we will help you drive away in your dream car.

GREEN CAR LOANS
Reduce your carbon footprint by purchasing an electric or hybrid vehicle with ADCB Green Car Loans.

STANDARD MORTGAGE LOAN
ADCB helps you turn your dream home into reality. With the option of hybrid or variable rates, you can now choose the solution that suits your individual needs.

MORTGAGE HOME SAVER
A uniq...

--- Document 3 ---
ID: 910031f5f121916424088dd2e9dbef7d
Title: ADCB's Exclusive Car Loan Offers in the UAE | ADCB
Score: 0.85601294
Text: To apply for an offer, you can request a callback by completing a form with your basic, personal, and employment details. Information required includes:
- Existing ADCB customer status and Customer ID
- Salutation, name, mobile number, email, and nationality
- Date of birth and emirate of residence
- Employment type, company name, monthly income, and whether your salary is transferred to ADCB.

--- Document 4 ---
ID: 068ce073e26603a0b80cf1fb725e4552
Title: ADCB | A leading banking institution in the UAE
Score: 0.851501
Text: Our Products at a Glance – ADCB offers a range of financial solutions tailored to everyday and long‑term needs, including accounts, cards, loans, TouchPoints rewards, and wealth‑management services.

Accounts – ADCB provides a variety of bank accounts designed to keep your money safe and accessible, meeting both daily and long‑term financial goals. Explore all account options.

Cards – Choose from a selection of debit and credit cards that fit your lifestyle, offering rewards and a rewarding exp...

--- Document 5 ---
ID: 817a30ca5b7d94fd545b73abc9528bff
Title: ADCB | A leading banking institution in the UAE
Score: 0.8509451
Text: LOANS - GIVE YOUR AMBITION A BOOST. Owning your dream house or dream car has never been easier. Explore our loan solutions that are tailored to cater to your ambitions.

========================================

========================================
REQ_ID = f9d9809a-9da2-4772-9ae2-d4d266b828ec

DOCUMENTS RETREIVED


--- Document 1 ---
ID: d71eef8ecc528b3e95acd58e46530017
Title: Active Saver Online Bank Account in the UAE | ADCB
Score: 0.7879262
Text: Get Started
Opening an Active Saver account is quick and easy!

ADCB Mobile Banking App:
1. Log in to the ADCB Mobile Banking App.
2. Click on ‘Open Now’ under ‘Need an additional account?’.
3. Click on ADCB and proceed with your preferred Active Saver Account.

ADCB Personal Internet Banking:
1. Log in to ADCB Personal Internet Banking.
2. Click on 'Open New Account' on the left navigation bar.
3. Select 'Active Saver AED’ or ‘Active Saver USD’ from the drop-down box.
4. Complete the Online Act...

--- Document 2 ---
ID: 6700c77f581d7f6a46f361ec5f6b124c
Title: Active Saver Online Bank Account in the UAE | ADCB
Score: 0.754547
Text: OTHER WAYS TO APPLY

CONTACT CENTRE
Call our 24-hour contact centre on 600 50 2030.

APPLY THROUGH SMS
SMS 'ACTIVE' to 2626 from your registered mobile number.

VISIT US
We will be happy to welcome you at any of our branches. Find the closest branch to you.

--- Document 3 ---
ID: 2ccd434cb5a76c46127a070b76b2e54d
Title: ADCB Consumer Education: Equality through Financial Inclusion
Score: 0.7539737
Text: ACTIVATEYOUR CARD
How to activate your card on the ADCB Mobile Banking Application.

--- Document 4 ---
ID: 0260c87bc66d3137083b307443eaafef
Title: Open ADCB Gold & Silver Accounts Instantly Online
Score: 0.7456949
Text: HOW TO APPLY

ADCB MOBILE BANKING APP
- Log in to the ADCB Mobile Banking App.
- Under Accounts, click "Open Now".
- Choose Gold Account or Silver Account.
- Follow on-screen instructions.

APPLY THROUGH SMS
- SMS 'GOLD' or 'SILVER' to 2626 from your registered mobile number.

--- Document 5 ---
ID: 3c91ba13737693a5d37abea62aa58c0a
Title: Active Saver Online Bank Account in the UAE | ADCB
Score: 0.7449224
Text: Key Features and Benefits
- You can open your Active Saver Account in just a few minutes through ADCB Personal Internet Banking.
- Interest is calculated daily and paid monthly and with tiered interest rates, you earn more on your savings.
- Available in AED, USD, and GBP.
- Pay credit card bills, transfer funds and redeem TouchPoints.
- Online access anywhere, anytime means you can manage your savings outside work hours.
- Transferring money into the Active saver account is just a click away.

========================================

========================================
REQ_ID = 3a4df375-ffea-42a2-9e72-8d0d32860239

DOCUMENTS RETREIVED


--- Document 1 ---
ID: 25653eb13140da1bddbd84c3b29727d8
Title: SCHEDULE OF FEES
Score: 0.8837955
Text: | Fees and Charges | Aspire | Privilege/Emirati | Excellency/Emirati Excellency |
| :--- | :--- | :--- | :--- |
| Annual Membership fee: | | | |
| • TouchPoints Infinite Card | AED 1,050 | AED 1,050 | AED 525 |
| • Betaqti World Elite Card (exclusively for UAE Nationals) | AED 2,100 | AED 2,100 | AED 2,100 |
| • Traveller World Elite Card | AED 1,575 | AED 787.5 | AED 787.5 |
| • LuLu Platinum Card | Free | Free | Free |
| • TouchPoints Platinum Card (First year free) | AED 630 | AED 315 | Free ...

--- Document 2 ---
ID: f7e4561907eb62c7535f534b162a9690
Title: SCHEDULE OF FEES
Score: 0.8585521
Text: | | Aspire | Privilege | Excellency |
| :--- | :--- | :--- | :--- |
| Debit Card issuance: - Primary Card/ 1st Supplementary Card - Additional Supplementary Debit Card - Debit Card replacement (lost/stolen/damaged) | Free Free AED 26.25 | Free Free AED 26.25 | Free Free Free |
| Usage fee in UAE at ADCB ATMs: - Cash withdrawal - Denial - Inquiry - Cash deposit - Funds transfer (within same CID) | Free Free Free Free Free | Free Free Free Free Free | Free Free Free Free Free |
| Usage fee in UAE ...

--- Document 3 ---
ID: a80d8e204eb82c924b55ea6a66963254
Title: Apply for a Credit Card Online in the UAE - ADCB
Score: 0.8470869
Text: ADCB offers a wide range of credit cards tailored to various customer needs, from everyday spending to travel perks, cashback, and lifestyle rewards. The bank emphasizes sustainability, providing cards made from recycled plastic to reduce environmental waste.

--- Document 4 ---
ID: dad2c55956ad786f866e24060f1bff34
Title: ADCB Credit Cards
Score: 0.84546256
Text: # Schedule of Fees (SoF)

The SoF includes all fees and Charges including details of any applicable third party fees. It is available on the ADCB Website at adcb.com/fees and you may also ask an ADCB staff member to provide you with a copy of the SoF.

--- Document 5 ---
ID: aa7610c0111b86bb0300e1c430779b85
Title: ADCB Credit Cards
Score: 0.8410032
Text: # Important Notes

- The Finance Charges applicable on ADCB Credit Cards are communicated to the Cardholder/ mentioned in the SoF (Schedule of Fees), are fixed and not variable.
- ADCB reserves the right to change the Terms and Conditions and fees and Charges mentioned in the SoF (Schedule of Fees) by providing sixty (60) days' notice to the Customer on the Customer's registered email/SMS on the Customer's registered mobile number or any other means decided by ADCB, from time to time, in accorda...

========================================

========================================
REQ_ID = 2e01e855-132b-4331-8025-313df3e59709

DOCUMENTS RETREIVED


--- Document 1 ---
ID: f2986dce87f9ac32fe42c32f9003f944
Title: Service Guarantee in the UAE | ADCB
Score: 0.8913785
Text: WAYS TO REACH US
CONTACT CENTRE: Call our 24-hour contact centre on 600 50 2030.
VISIT US: We will be happy to welcome you at any of our branches. Find the closest branch to you.

--- Document 2 ---
ID: 28129241d1ce4c5a529104696a21930a
Title: Your Rights, Our Promise: ADCB Service Commitment
Score: 0.8856289
Text: How to log a complaint:
Call the ADCB Contact Centre at 600 502 030 / +971 26210090
Fill out the online complaint form on adcb.com
Log and track your complaint through internet banking or Mobile Application
Send an email to [email protected]
Visit our Customer Care Department in the below location:
Sheikh Zayed Street
ADCB Head Office – 17th floor
Abu Dhabi – UAE

--- Document 3 ---
ID: bb3a7191498211cd6a91f2c701f29baf
Title: Phone Banking Services - Contact Us| ADCB
Score: 0.88171923
Text: WE CAN BE REACHED ON THE FOLLOWING NUMBERS:

Aspire
600 50 2030

Excellency
600 50 2004

Privilege
600 50 8008

Outside UAE
+971-2-6210090

--- Document 4 ---
ID: 5663852c39aab7d5d12d0fdc198f6386
Title: Phone Banking Services - Contact Us| ADCB
Score: 0.87841016
Text: WAYS TO BANKPHONE BANKING

CONTACT US ANYTIME
ADCB offers you an "always-on" phone banking service.

Available round the clock
The ADCB Contact Centre is open 24 hours a day, seven days a week.

All your banking needs
From transferring funds to inquiring about product information, our highly trained team is always here to help.

--- Document 5 ---
ID: d07a2fde16392291c51bd229fe7318a0
Title: ADCB Securities Brokerage Services in the UAE | ADCB
Score: 0.8756172
Text: OTHER WAYS TO APPLY

CONTACT CENTRE
Call our 24-hour contact centre on 600 50 3325.

VISIT US
We will be happy to welcome you at any of our branches. Find the closest branch to you.

========================================

========================================
REQ_ID = 5d43d28d-90bf-47e2-b6ad-d0dc089e321a

DOCUMENTS RETREIVED


--- Document 1 ---
ID: 3c91ba13737693a5d37abea62aa58c0a
Title: Active Saver Online Bank Account in the UAE | ADCB
Score: 0.7851994
Text: Key Features and Benefits
- You can open your Active Saver Account in just a few minutes through ADCB Personal Internet Banking.
- Interest is calculated daily and paid monthly and with tiered interest rates, you earn more on your savings.
- Available in AED, USD, and GBP.
- Pay credit card bills, transfer funds and redeem TouchPoints.
- Online access anywhere, anytime means you can manage your savings outside work hours.
- Transferring money into the Active saver account is just a click away.

--- Document 2 ---
ID: 0caddc32a432f22f66e9a2054730349d
Title: Open a Personal Call and Savings Account in the UAE | ADCB
Score: 0.7747292
Text: Key Features and Benefits

Savings Account:
- Available for UAE residents and non-residents.
- Offered in AED, USD, GBP, AUD, CAD, CHF, EUR, JPY, SAR, SGD currencies.
- Interest is accrued monthly on the minimum balance and paid half-yearly.
- Free e-statements within the statement cycle.
- Debit card available for AED Savings accounts only.

Call Account:
- Available for both UAE residents and non-residents.
- Offered in AED, USD, and other major currencies.
- Interest is accrued on the daily b...

--- Document 3 ---
ID: 2b4aab1411d0142b036cbd3b8b80f410
Title: Open a Bank Account in the UAE | ADCB
Score: 0.77221924
Text: GOAL SAVINGS ACCOUNT
Earn up to 4.5% interest per annum with automated scheduled contributions, designed to help you achieve your dreams, one step at a time.

--- Document 4 ---
ID: 533d8d15f184a1cc024e723a62768ecd
Title: Open a Personal Call and Savings Account in the UAE | ADCB
Score: 0.7690587
Text: ADCB SAVINGS AND CALL ACCOUNTS

SAVE FOR TOMORROW, ENJOY THE BENEFITS TODAY

We offer a suite of convenient and reliable solutions to save and grow your money.

Key Highlights:
- Minimum Monthly Salary: AED 5,000 (For residents employed in UAE)
- E-statement Fees: AED 0 (Within the statement cycle)
- Interest Rate: Up to 0.10% per annum (For AED, USD and other major currencies)

--- Document 5 ---
ID: 9b4207234ddf993273f90c220c41368f
Title: Emirati Millionaire Savings Bank Account in the UAE | ADCB
Score: 0.760854
Text: Key Features and Benefits:
- Receive a Debit Card for instant access to your money.
- Earn profit from your savings, which is declared and paid quarterly.
- For every extra AED 1,000 saved over the initial AED 5,000, you get an extra chance in the prize draws.
- Emirati Millionaire Savings Accounts can be opened for children, but must be managed by the parent or legal guardian.

========================================

========================================
REQ_ID = f203277d-d23a-457c-b22c-004de781114d

DOCUMENTS RETREIVED


--- Document 1 ---
ID: 7bef2038fe63afc09441c931ccf0251c
Title: ADCB | A leading banking institution in the UAE
Score: 0.8306179
Text: AT YOUR SERVICE: Internet Banking - MANAGE, TRANSACT AND CONTROL YOUR FINANCES. ADCB Personal Internet Banking lets you view, transact and communicate from anywhere, at any time.

--- Document 2 ---
ID: 8c929b2b62e67d626060556834087d53
Title: ADCB Consumer Education: Equality through Financial Inclusion
Score: 0.82425034
Text: VIEWINGYOUR ACCOUNT AND CARD TRANSACTIONS
How to view your account and card transactions on the ADCB Mobile Banking Application.

--- Document 3 ---
ID: 4daf06381ba1feb6799b6c4c5271562e
Title: Internet Banking | ADCB
Score: 0.8234372
Text: ACCESS ALL BANKING SERVICES ANYTIME, ANYWHERE. ADCB Personal Internet Banking lets you view, transact and communicate where you are and around the clock.

--- Document 4 ---
ID: 33deec24f36840021445ad673361867b
Title: Internet Banking | ADCB
Score: 0.82156515
Text: INTERNET BANKING SERVICES

ACCOUNTS
- View account and IBAN details
- Open an additional savings account instantly
- Setup a standing order
- Request a chequebook and have it delivered to your mailing address
- Subscribe to e-statements
- View statements for the last 6 months or the current period

--- Document 5 ---
ID: d2e14b250140700fc63520979600ece4
Title: Apply for a Credit Card Online in the UAE - ADCB
Score: 0.8207828
Text: A FASTER AND EASIER WAY TO MANAGE YOUR BUSINESS BANKING NEEDS.
Update your company profile or request for your company duplicate account statement by simply sending an SMS.

========================================

========================================
REQ_ID = 5917628d-efd4-4f2d-9d84-aa8c35567b92

DOCUMENTS RETREIVED


--- Document 1 ---
ID: eeefb2ff5564c18b2b6aa168702cfa7b
Title: ADCB Privilege Club Platinum Debit Card - Premium Benefits
Score: 0.7809026
Text: PRIVILEGE CLUB PLATINUM DEBIT CARD: PREMIUM FEATURES FOR PREMIUM CUSTOMERS. This card offers enhanced rewards for shopping and travel.

Key benefits include zero issuance fees for primary and supplementary cards, complimentary airport lounge access at select regional airports, and up to five free supplementary Debit Cards linked to your Current or Savings Account.

Important Fees to Keep in Mind: An AED 26.25 card replacement fee applies if the card is lost, stolen, or damaged (waived for techni...

--- Document 2 ---
ID: c73eb22f9a7dc7cf7208ee8a81b25c7b
Title: ADCB Cards: Discover exclusive features and benefits
Score: 0.7800635
Text: ADCB Cards offer a comprehensive suite of features designed to enhance security, convenience, and rewards. Key features include: • ADCB SecurePass – a secure authentication method for card transactions; • New Flexipay – convert credit card balances into low‑interest installment plans up to 48 months; • Mobile & Digital Wallets – convenient payment solutions at your fingertips; • Global Lounge Access – unlimited complimentary access to premium lounges worldwide; • School Fee Installment Plans – s...

--- Document 3 ---
ID: 979f50f32e9751a312df8e8c1c8a8d0d
Title: ADCB Excellency Platinum Debit Card - Elite Flexibility & Benefits
Score: 0.7776829
Text: Excellency Platinum Debit Card combines the flexibility of a debit card with the benefits of a credit card. There is no issuance fee for primary or supplementary cards, and no replacement fee. An AED 21 cash withdrawal fee applies for ATM transactions outside the UAE and GCC.

Cardholders and their supplementary cardholders receive complimentary access to more than 25 airport lounges worldwide. Access requires registration on the Mastercard Travel Pass app. The first visit is free; subsequent vi...

--- Document 4 ---
ID: d6a3639f30303abfbb64dd4a4b39e4f7
Title: ADCB TouchPoints Titanium & Gold Card – Earn Up to AED 300
Score: 0.7760184
Text: ADCB TouchPoints Gold or Titanium Credit Card – Unlock a world of possibilities with bonus monthly rewards, entertainment deals, and lifestyle privileges.

Personal Card List – VOX Cinemas: Buy one get one free; 0% interest payment plan on school fee payments; Bonus TouchPoints for spends of AED 5,000.

Keep in Mind – No annual fee; enjoy up to 2 complimentary movie tickets when you buy one with your ADCB TouchPoints Gold or Titanium Credit Card at VOX Cinemas across 2D standard and 2D Max stand...

--- Document 5 ---
ID: fb8a5a215dd26d385bb75888d95e0628
Title: ADCB 365 Cashback Credit Card - AED 1365 Welcome Bonus
Score: 0.7759079
Text: ELIGIBILITY
To apply for the 365 Cashback Credit Card you need to meet the following requirements:
- You should be at least 21 years old
- You need to have a minimum salary of AED 8,000 or be eligible for a credit limit of at least AED 15,000

FEES AND CHARGES, KEY FACTS & TERMS
Links are provided for detailed information on Fees and Charges, the Key Facts Statement, and the Terms and Conditions for all card features and benefits. All terms and conditions are subject to change without prior noti...

========================================

========================================
REQ_ID = 33382971-569c-43bc-8a72-253c8d59a537

DOCUMENTS RETREIVED


--- Document 1 ---
ID: 8bb5a93554359307967b8cc5f6f218ea
Title: Open a Personal Call and Savings Account in the UAE | ADCB
Score: 0.90165126
Text: Interest Rates

SAVINGS ACCOUNT INTEREST RATE (effective from 16th Aug, 2024)
- AED: 0.10%
- USD: 0.10%
- GBP: 0.05%
- AUD: 0.05%
- CAD: 0.05%
- CHF: 0.05%
- EUR: 0.05%
- JPY: 0.05%
- SAR: 0.05%
- SGD: 0.05%

CALL ACCOUNT INTEREST RATES (per annum)
- AED: 0.10%
- USD: 0.05%
- GBP: 0.05% (effective from 1st August, 2020)
- All other listed currencies (EUR, CAD, AUD, CHF, JPY, SGD, SAR, NZD, NOK, DKK, MYR) have NIL interest effective from 1st August, 2020.

--- Document 2 ---
ID: 20185cccdb7e82e210dd77eb0fcf679c
Title: ADCB Foreign Currency Savings Accounts | ADCB
Score: 0.8847053
Text: AVAILABLE CURRENCIES AND INTEREST RATES

Currency Name (Currency Code) - Interest Rates per annum

Effective from 16 Aug 2024:
- UNITED STATES DOLLAR (USD): 0.10%
- BRITISH POUND STERLING (GBP): 0.05%
- AUSTRALIAN DOLLAR (AUD): 0.05%
- EURO (EUR): 0.05%
- CANADIAN DOLLAR (CAD): 0.05%
- SINGAPORE DOLLAR (SGD): 0.05%
- SWISS FRANC (CHF): 0.05%
- JAPANESE YEN (JPY): 0.05%
- SAUDI RIYAL (SAR): 0.05%

Effective from 23 Oct 2025:
- BAHRAINI DINAR (BHD): 0.05%
- HONG KONG DOLLAR (HKD): 0.05%
- NORWEGIA...

--- Document 3 ---
ID: de9726de045a0f45fd94df7676bc8c22
Title: Fixed Deposit Accounts | ADCB
Score: 0.87758607
Text: ADCB FIXED TERM DEPOSIT
Earn attractive interest rate up to 3.85% on Fixed Term Deposit.
Tenor - AED / USD / GBP / AUD / CAD / NZD / CHF / SAR / EUR
7 Days: 2.70% (AED only)
1 Month: 2.75% / 2.95% / 2.55% / 2.95% / 2.95% / 2.95% / 2.95% / 3.85% / 0.45%
2 Months: 2.65% / 2.80% / 2.65% / 2.80% / 2.80% / 2.80% / 2.80% / 3.75% / 0.60%
3 Months: 2.65% / 2.80% / 2.70% / 2.80% / 2.80% / 2.80% / 2.80% / 3.65% / 0.60%
6 Months: 2.55% / 2.75% / 2.80% / 2.75% / 2.75% / 2.75% / 2.75% / 3.80% / 0.75%
9 Month...

--- Document 4 ---
ID: d59c99418104134f343949e0e212b9c7
Title: Active Saver Online Bank Account in the UAE | ADCB
Score: 0.8750671
Text: ACTIVE SAVER USD RATES (effective from 1st March ’23)
- Less than USD 10,000: 0.20%
- USD 10,000 to less than USD 300,000: 0.60%
- USD 300,000 to less than USD 500,000: 1.00%
- USD 500,000 to less than USD 1 Million: 1.50%
- USD 1 Million up to USD 5 Million: 2.00%
- Above USD 5 Million: 0.20%

--- Document 5 ---
ID: d8b8b713f6a2916b11f8e39bd72295d3
Title: Active Saver Online Bank Account in the UAE | ADCB
Score: 0.87491405
Text: ACTIVE SAVER AED RATES (effective from 1st June '23)
- AED 200,000 or less: 0.40%
- Above AED 200,000 up to AED 750,000: 1.00%
- Above AED 750,000 up to AED 2 Million: 1.75%
- Above AED 2 Million up to AED 5 Million: 2.25%
- Above AED 5 Million up to AED 20 Million: 2.00%
- Above AED 20 Million: 0.20%

========================================

========================================
REQ_ID = afaf8867-6331-4247-b721-33979caabff6

DOCUMENTS RETREIVED


--- Document 1 ---
ID: d4506ab9fb3e52070ee68be26ffa0d52
Title: Open a Bank Account in the UAE | ADCB
Score: 0.88122904
Text: Explore our accounts

Account offerings:
- Super Saver Account: Earn up to 4.50% interest per annum.
- Goal Savings Account: Earn up to 4.5% interest with automated scheduled contributions.
- ADCB Gold & Silver Accounts: Buy and sell gold and silver.
- Active Saver Account: Instant setup and easy access to earn more from savings.
- ADCB Current Account: Everyday banking with a range of benefits.
- ADCB Savings & Call Accounts: Options with monthly accrued interest.
- Emirati Millionaire Savings ...

--- Document 2 ---
ID: 533d8d15f184a1cc024e723a62768ecd
Title: Open a Personal Call and Savings Account in the UAE | ADCB
Score: 0.8634997
Text: ADCB SAVINGS AND CALL ACCOUNTS

SAVE FOR TOMORROW, ENJOY THE BENEFITS TODAY

We offer a suite of convenient and reliable solutions to save and grow your money.

Key Highlights:
- Minimum Monthly Salary: AED 5,000 (For residents employed in UAE)
- E-statement Fees: AED 0 (Within the statement cycle)
- Interest Rate: Up to 0.10% per annum (For AED, USD and other major currencies)

--- Document 3 ---
ID: d59c99418104134f343949e0e212b9c7
Title: Active Saver Online Bank Account in the UAE | ADCB
Score: 0.8595637
Text: ACTIVE SAVER USD RATES (effective from 1st March ’23)
- Less than USD 10,000: 0.20%
- USD 10,000 to less than USD 300,000: 0.60%
- USD 300,000 to less than USD 500,000: 1.00%
- USD 500,000 to less than USD 1 Million: 1.50%
- USD 1 Million up to USD 5 Million: 2.00%
- Above USD 5 Million: 0.20%

--- Document 4 ---
ID: 67c0b876d6d562c6815dc8aba58223c5
Title: Current and Savings Accounts - Individuals
Score: 0.8580328
Text: *Interest will only be credited to an interest-bearing Account if the minimum Interest has accrued and such interest-bearing Account has not been closed any time prior to the interest payout cycle, which is decided by ADCB from time to time.

**Interest is paid as per the tiered interest rates, based on the daily balance maintained.

***Bonus Rate is applicable only on New-to-Bank Funds in Super Saver Account. AED Account: Minimum of AED 50,000 and Maximum of AED 10,000,000 Monthly Average Balan...

--- Document 5 ---
ID: 6a088345c96aa3f342e44960efac0781
Title: Active Saver Online Bank Account in the UAE | ADCB
Score: 0.85692203
Text: ADCB ACTIVE SAVER ACCOUNT

ACHIEVE YOUR AMBITIONS FASTER
Whether you’re saving for a wedding, school fees, a vacation or your dream house, the ADCB Active Saver Account earns you more on your savings, so you achieve your ambitions faster.

Key Interest Rates:
- Up to 2.25% Maximum Interest Earned Per Annum on AED Account
- Up to 2.00% Maximum Interest Earned Per Annum on USD Account

========================================

========================================
REQ_ID = 9b4dc7e2-da95-4774-bbe2-008d41de8162

DOCUMENTS RETREIVED


--- Document 1 ---
ID: d4506ab9fb3e52070ee68be26ffa0d52
Title: Open a Bank Account in the UAE | ADCB
Score: 0.791859
Text: Explore our accounts

Account offerings:
- Super Saver Account: Earn up to 4.50% interest per annum.
- Goal Savings Account: Earn up to 4.5% interest with automated scheduled contributions.
- ADCB Gold & Silver Accounts: Buy and sell gold and silver.
- Active Saver Account: Instant setup and easy access to earn more from savings.
- ADCB Current Account: Everyday banking with a range of benefits.
- ADCB Savings & Call Accounts: Options with monthly accrued interest.
- Emirati Millionaire Savings ...

--- Document 2 ---
ID: 481234682f29f8077a66575e6331ebb5
Title: Building a Strong Financial Foundation
Score: 0.78341806
Text: EXPLORINGTHE DIFFERENCE BETWEEN CURRENT AND SAVINGS ACCOUNTS
When choosing banking solutions, uncover the features that make using current or savings accounts valuable.

--- Document 3 ---
ID: a1ee9466f3961d02ad9643e0696bad45
Title: Open a Bank Account in the UAE | ADCB
Score: 0.7798749
Text: ADCB SAVINGS & CALL ACCOUNTS
Explore a range of options offering monthly accrued interest and more.

--- Document 4 ---
ID: 3c91ba13737693a5d37abea62aa58c0a
Title: Active Saver Online Bank Account in the UAE | ADCB
Score: 0.7753333
Text: Key Features and Benefits
- You can open your Active Saver Account in just a few minutes through ADCB Personal Internet Banking.
- Interest is calculated daily and paid monthly and with tiered interest rates, you earn more on your savings.
- Available in AED, USD, and GBP.
- Pay credit card bills, transfer funds and redeem TouchPoints.
- Online access anywhere, anytime means you can manage your savings outside work hours.
- Transferring money into the Active saver account is just a click away.

--- Document 5 ---
ID: 68554a34432b82283a3b763aeae29119
Title: Current and Savings Accounts - Individuals
Score: 0.7744382
Text: ## Accounts

- A Current Account is a transactional Account for everyday banking needs which may be used for making deposits (including salary transfers), withdrawals, payments and Fund Transfers.
- A Savings Account is an interest/non-interest bearing Account for saving funds which is not required for immediate use.
- A Call Account is an interest/non-interest bearing account with no cheque book or Debit Card facility but is available in major currencies.
- The following is the eligibility and ...

========================================

